::1 - - [23/Aug/2023:10:26:24 +0000] "GET / HTTP/1.1" 304 - "http://localhost:8000/users/sign-in" "Mozilla/5.0 (Macintosh; Intel Mac OS X 10_15_7) AppleWebKit/537.36 (KHTML, like Gecko) Chrome/116.0.0.0 Safari/537.36"
::1 - - [23/Aug/2023:10:26:24 +0000] "GET /css/layout.css HTTP/1.1" 404 153 "http://localhost:8000/" "Mozilla/5.0 (Macintosh; Intel Mac OS X 10_15_7) AppleWebKit/537.36 (KHTML, like Gecko) Chrome/116.0.0.0 Safari/537.36"
::1 - - [23/Aug/2023:10:26:24 +0000] "GET /css/home.css HTTP/1.1" 404 151 "http://localhost:8000/" "Mozilla/5.0 (Macintosh; Intel Mac OS X 10_15_7) AppleWebKit/537.36 (KHTML, like Gecko) Chrome/116.0.0.0 Safari/537.36"
::1 - - [23/Aug/2023:10:26:24 +0000] "GET /js/home_posts.js HTTP/1.1" 404 155 "http://localhost:8000/" "Mozilla/5.0 (Macintosh; Intel Mac OS X 10_15_7) AppleWebKit/537.36 (KHTML, like Gecko) Chrome/116.0.0.0 Safari/537.36"
::1 - - [23/Aug/2023:10:26:24 +0000] "GET /css/chat_box.css HTTP/1.1" 404 155 "http://localhost:8000/" "Mozilla/5.0 (Macintosh; Intel Mac OS X 10_15_7) AppleWebKit/537.36 (KHTML, like Gecko) Chrome/116.0.0.0 Safari/537.36"
::1 - - [23/Aug/2023:10:26:24 +0000] "GET /css/header.css HTTP/1.1" 404 153 "http://localhost:8000/" "Mozilla/5.0 (Macintosh; Intel Mac OS X 10_15_7) AppleWebKit/537.36 (KHTML, like Gecko) Chrome/116.0.0.0 Safari/537.36"
::1 - - [23/Aug/2023:10:26:24 +0000] "GET /css/footer.css HTTP/1.1" 404 153 "http://localhost:8000/" "Mozilla/5.0 (Macintosh; Intel Mac OS X 10_15_7) AppleWebKit/537.36 (KHTML, like Gecko) Chrome/116.0.0.0 Safari/537.36"
::1 - - [23/Aug/2023:10:26:24 +0000] "GET /js/toggle_likes.js HTTP/1.1" 404 157 "http://localhost:8000/" "Mozilla/5.0 (Macintosh; Intel Mac OS X 10_15_7) AppleWebKit/537.36 (KHTML, like Gecko) Chrome/116.0.0.0 Safari/537.36"
::1 - - [23/Aug/2023:10:26:24 +0000] "GET /js/chat_engine.js HTTP/1.1" 404 156 "http://localhost:8000/" "Mozilla/5.0 (Macintosh; Intel Mac OS X 10_15_7) AppleWebKit/537.36 (KHTML, like Gecko) Chrome/116.0.0.0 Safari/537.36"
::1 - - [23/Aug/2023:10:26:33 +0000] "GET / HTTP/1.1" 304 - "http://localhost:8000/users/sign-in" "Mozilla/5.0 (Macintosh; Intel Mac OS X 10_15_7) AppleWebKit/537.36 (KHTML, like Gecko) Chrome/116.0.0.0 Safari/537.36"
::1 - - [23/Aug/2023:10:26:33 +0000] "GET /css/layout.css HTTP/1.1" 404 153 "http://localhost:8000/" "Mozilla/5.0 (Macintosh; Intel Mac OS X 10_15_7) AppleWebKit/537.36 (KHTML, like Gecko) Chrome/116.0.0.0 Safari/537.36"
::1 - - [23/Aug/2023:10:26:33 +0000] "GET /css/header.css HTTP/1.1" 404 153 "http://localhost:8000/" "Mozilla/5.0 (Macintosh; Intel Mac OS X 10_15_7) AppleWebKit/537.36 (KHTML, like Gecko) Chrome/116.0.0.0 Safari/537.36"
::1 - - [23/Aug/2023:10:26:33 +0000] "GET /css/footer.css HTTP/1.1" 404 153 "http://localhost:8000/" "Mozilla/5.0 (Macintosh; Intel Mac OS X 10_15_7) AppleWebKit/537.36 (KHTML, like Gecko) Chrome/116.0.0.0 Safari/537.36"
::1 - - [23/Aug/2023:10:26:33 +0000] "GET /css/home.css HTTP/1.1" 404 151 "http://localhost:8000/" "Mozilla/5.0 (Macintosh; Intel Mac OS X 10_15_7) AppleWebKit/537.36 (KHTML, like Gecko) Chrome/116.0.0.0 Safari/537.36"
::1 - - [23/Aug/2023:10:26:33 +0000] "GET /css/chat_box.css HTTP/1.1" 404 155 "http://localhost:8000/" "Mozilla/5.0 (Macintosh; Intel Mac OS X 10_15_7) AppleWebKit/537.36 (KHTML, like Gecko) Chrome/116.0.0.0 Safari/537.36"
::1 - - [23/Aug/2023:10:26:33 +0000] "GET /js/home_posts.js HTTP/1.1" 404 155 "http://localhost:8000/" "Mozilla/5.0 (Macintosh; Intel Mac OS X 10_15_7) AppleWebKit/537.36 (KHTML, like Gecko) Chrome/116.0.0.0 Safari/537.36"
::1 - - [23/Aug/2023:10:26:33 +0000] "GET /js/toggle_likes.js HTTP/1.1" 404 157 "http://localhost:8000/" "Mozilla/5.0 (Macintosh; Intel Mac OS X 10_15_7) AppleWebKit/537.36 (KHTML, like Gecko) Chrome/116.0.0.0 Safari/537.36"
::1 - - [23/Aug/2023:10:26:33 +0000] "GET /js/chat_engine.js HTTP/1.1" 404 156 "http://localhost:8000/" "Mozilla/5.0 (Macintosh; Intel Mac OS X 10_15_7) AppleWebKit/537.36 (KHTML, like Gecko) Chrome/116.0.0.0 Safari/537.36"
::1 - - [23/Aug/2023:10:28:10 +0000] "GET / HTTP/1.1" 304 - "http://localhost:8000/users/sign-in" "Mozilla/5.0 (Macintosh; Intel Mac OS X 10_15_7) AppleWebKit/537.36 (KHTML, like Gecko) Chrome/116.0.0.0 Safari/537.36"
::1 - - [23/Aug/2023:10:28:10 +0000] "GET /css/layout.css HTTP/1.1" 200 92 "http://localhost:8000/" "Mozilla/5.0 (Macintosh; Intel Mac OS X 10_15_7) AppleWebKit/537.36 (KHTML, like Gecko) Chrome/116.0.0.0 Safari/537.36"
::1 - - [23/Aug/2023:10:28:10 +0000] "GET /css/header.css HTTP/1.1" 200 496 "http://localhost:8000/" "Mozilla/5.0 (Macintosh; Intel Mac OS X 10_15_7) AppleWebKit/537.36 (KHTML, like Gecko) Chrome/116.0.0.0 Safari/537.36"
::1 - - [23/Aug/2023:10:28:10 +0000] "GET /css/footer.css HTTP/1.1" 200 250 "http://localhost:8000/" "Mozilla/5.0 (Macintosh; Intel Mac OS X 10_15_7) AppleWebKit/537.36 (KHTML, like Gecko) Chrome/116.0.0.0 Safari/537.36"
::1 - - [23/Aug/2023:10:28:10 +0000] "GET /css/home.css HTTP/1.1" 200 233 "http://localhost:8000/" "Mozilla/5.0 (Macintosh; Intel Mac OS X 10_15_7) AppleWebKit/537.36 (KHTML, like Gecko) Chrome/116.0.0.0 Safari/537.36"
::1 - - [23/Aug/2023:10:28:10 +0000] "GET /css/chat_box.css HTTP/1.1" 200 1299 "http://localhost:8000/" "Mozilla/5.0 (Macintosh; Intel Mac OS X 10_15_7) AppleWebKit/537.36 (KHTML, like Gecko) Chrome/116.0.0.0 Safari/537.36"
::1 - - [23/Aug/2023:10:28:10 +0000] "GET /js/chat_engine.js HTTP/1.1" 200 1717 "http://localhost:8000/" "Mozilla/5.0 (Macintosh; Intel Mac OS X 10_15_7) AppleWebKit/537.36 (KHTML, like Gecko) Chrome/116.0.0.0 Safari/537.36"
::1 - - [23/Aug/2023:10:28:10 +0000] "GET /js/toggle_likes.js HTTP/1.1" 200 928 "http://localhost:8000/" "Mozilla/5.0 (Macintosh; Intel Mac OS X 10_15_7) AppleWebKit/537.36 (KHTML, like Gecko) Chrome/116.0.0.0 Safari/537.36"
::1 - - [23/Aug/2023:10:28:10 +0000] "GET /js/home_posts.js HTTP/1.1" 200 5011 "http://localhost:8000/" "Mozilla/5.0 (Macintosh; Intel Mac OS X 10_15_7) AppleWebKit/537.36 (KHTML, like Gecko) Chrome/116.0.0.0 Safari/537.36"
[0mGET /css/layout.css [36m304[0m 1.310 ms - -[0m
[0mGET /css/header.css [36m304[0m 3.058 ms - -[0m
[0mGET /css/footer.css [36m304[0m 1.183 ms - -[0m
[0mGET /js/home_posts.js [36m304[0m 1.089 ms - -[0m
[0mGET /css/home.css [36m304[0m 0.905 ms - -[0m
[0mGET /css/chat_box.css [36m304[0m 0.938 ms - -[0m
[0mGET /js/toggle_likes.js [36m304[0m 0.673 ms - -[0m
[0mGET /js/chat_engine.js [36m304[0m 0.508 ms - -[0m
[0mGET / [32m200[0m 36.625 ms - 2987[0m
[0mGET /favicon.ico [33m404[0m 8.360 ms - 150[0m
[0mGET /users/sign-in [36m304[0m 6.800 ms - -[0m
[0mGET /css/layout.css [36m304[0m 0.861 ms - -[0m
[0mGET /css/header.css [36m304[0m 1.195 ms - -[0m
[0mGET /css/footer.css [36m304[0m 1.669 ms - -[0m
[0mGET /users/sign-in [36m304[0m 6.423 ms - -[0m
[0mGET /css/layout.css [36m304[0m 0.474 ms - -[0m
[0mGET /css/header.css [36m304[0m 0.432 ms - -[0m
[0mGET /css/footer.css [36m304[0m 0.686 ms - -[0m
[0mPOST /users/create-session [36m302[0m 27.876 ms - 72[0m
[0mGET /users/sign-in [32m200[0m 6.277 ms - 2658[0m
[0mGET /css/layout.css [36m304[0m 0.691 ms - -[0m
[0mGET /css/header.css [36m304[0m 0.943 ms - -[0m
[0mGET /css/footer.css [36m304[0m 0.763 ms - -[0m
[0mGET /users/sign-up [36m304[0m 5.846 ms - -[0m
[0mGET /css/layout.css [36m304[0m 0.465 ms - -[0m
[0mGET /css/header.css [36m304[0m 0.641 ms - -[0m
[0mGET /css/footer.css [36m304[0m 0.996 ms - -[0m
[0mPOST /users/create [36m302[0m 25.763 ms - 72[0m
[0mGET /users/sign-in [32m200[0m 7.230 ms - 2391[0m
[0mGET /css/layout.css [36m304[0m 0.427 ms - -[0m
[0mGET /css/header.css [36m304[0m 0.316 ms - -[0m
[0mGET /css/footer.css [36m304[0m 0.394 ms - -[0m
[0mPOST /users/create-session [36m302[0m 15.894 ms - 46[0m
[0mGET / [32m200[0m 19.454 ms - 4228[0m
[0mGET /css/layout.css [36m304[0m 0.670 ms - -[0m
[0mGET /css/header.css [36m304[0m 0.596 ms - -[0m
[0mGET /css/footer.css [36m304[0m 0.377 ms - -[0m
[0mGET /css/home.css [36m304[0m 0.329 ms - -[0m
[0mGET /css/chat_box.css [36m304[0m 1.569 ms - -[0m
[0mGET /js/home_posts.js [36m304[0m 2.477 ms - -[0m
[0mGET /js/chat_engine.js [36m304[0m 1.004 ms - -[0m
[0mGET /js/toggle_likes.js [36m304[0m 1.174 ms - -[0m
[0mGET /css/layout.css [36m304[0m 2.696 ms - -[0m
[0mGET /css/footer.css [36m304[0m 1.247 ms - -[0m
[0mGET /css/home.css [36m304[0m 1.754 ms - -[0m
[0mGET /css/header.css [36m304[0m 1.680 ms - -[0m
[0mGET /css/chat_box.css [36m304[0m 1.431 ms - -[0m
[0mGET /js/toggle_likes.js [36m304[0m 0.214 ms - -[0m
[0mGET /js/chat_engine.js [36m304[0m 1.243 ms - -[0m
[0mGET /js/home_posts.js [36m304[0m 1.155 ms - -[0m
[0mGET / [32m200[0m 48.303 ms - 3114[0m
[0mGET /users/sign-up [36m304[0m 9.852 ms - -[0m
[0mGET /css/layout.css [36m304[0m 0.717 ms - -[0m
[0mGET /css/header.css [36m304[0m 1.280 ms - -[0m
[0mGET /css/footer.css [36m304[0m 1.328 ms - -[0m
[0mPOST /users/create [36m302[0m 38.414 ms - 72[0m
[0mGET /users/sign-in [36m304[0m 4.484 ms - -[0m
[0mGET /css/layout.css [36m304[0m 0.509 ms - -[0m
[0mGET /css/header.css [36m304[0m 1.129 ms - -[0m
[0mGET /css/footer.css [36m304[0m 1.620 ms - -[0m
[0mPOST /users/create-session [36m302[0m 16.302 ms - 46[0m
[0mGET / [32m200[0m 15.247 ms - 4331[0m
[0mGET /css/layout.css [36m304[0m 0.637 ms - -[0m
[0mGET /css/header.css [36m304[0m 0.692 ms - -[0m
[0mGET /css/footer.css [36m304[0m 0.845 ms - -[0m
[0mGET /css/home.css [36m304[0m 2.242 ms - -[0m
[0mGET /css/chat_box.css [36m304[0m 1.700 ms - -[0m
[0mGET /js/home_posts.js [36m304[0m 1.553 ms - -[0m
[0mGET /js/toggle_likes.js [36m304[0m 1.437 ms - -[0m
[0mGET /js/chat_engine.js [36m304[0m 1.352 ms - -[0m
[0mGET / [32m200[0m 43.074 ms - 4064[0m
[0mGET /css/layout.css [36m304[0m 1.765 ms - -[0m
[0mGET /css/header.css [36m304[0m 2.043 ms - -[0m
[0mGET /css/footer.css [36m304[0m 1.882 ms - -[0m
[0mGET /css/home.css [36m304[0m 1.838 ms - -[0m
[0mGET /css/chat_box.css [36m304[0m 1.642 ms - -[0m
[0mGET /js/home_posts.js [36m304[0m 1.594 ms - -[0m
[0mGET /js/toggle_likes.js [36m304[0m 2.789 ms - -[0m
[0mGET /js/chat_engine.js [36m304[0m 1.868 ms - -[0m
[0mGET / [36m304[0m 15.408 ms - -[0m
[0mGET /css/layout.css [36m304[0m 0.712 ms - -[0m
[0mGET /css/header.css [36m304[0m 2.185 ms - -[0m
[0mGET /css/footer.css [36m304[0m 3.202 ms - -[0m
[0mGET /js/chat_engine.js [36m304[0m 2.944 ms - -[0m
[0mGET /css/home.css [36m304[0m 2.320 ms - -[0m
[0mGET /css/chat_box.css [36m304[0m 1.939 ms - -[0m
[0mGET /js/home_posts.js [36m304[0m 1.935 ms - -[0m
[0mGET /js/toggle_likes.js [36m304[0m 1.883 ms - -[0m
[0mGET / [36m304[0m 11.837 ms - -[0m
[0mGET /css/layout.css [36m304[0m 0.673 ms - -[0m
[0mGET /css/header.css [36m304[0m 0.652 ms - -[0m
[0mGET /css/footer.css [36m304[0m 0.312 ms - -[0m
[0mGET /js/home_posts.js [36m304[0m 1.578 ms - -[0m
[0mGET /css/chat_box.css [36m304[0m 1.793 ms - -[0m
[0mGET /js/toggle_likes.js [36m304[0m 1.920 ms - -[0m
[0mGET /css/home.css [36m304[0m 2.137 ms - -[0m
[0mGET /js/chat_engine.js [36m304[0m 2.177 ms - -[0m
[0mGET /css/chat_box.css [32m200[0m 2.581 ms - 1299[0m
[0mGET /js/home_posts.js [32m200[0m 4.259 ms - 5011[0m
[0mGET /css/home.css [32m200[0m 4.227 ms - 233[0m
[0mGET /css/header.css [32m200[0m 3.959 ms - 496[0m
[0mGET / [32m200[0m 44.192 ms - 3244[0m
[0mGET /css/footer.css [32m200[0m 2.499 ms - 250[0m
[0mGET /js/toggle_likes.js [32m200[0m 2.243 ms - 928[0m
[0mGET /js/chat_engine.js [32m200[0m 1.730 ms - 1717[0m
[0mGET /css/layout-ad7fced993.css [33m404[0m 19.228 ms - 164[0m
[0mGET /css/layout-ad7fced993.css [33m404[0m 5.478 ms - 164[0m
[0mGET / [32m200[0m 50.809 ms - 3267[0m
[0mGET /css/home.css [36m304[0m 4.526 ms - -[0m
[0mGET /css/chat_box.css [36m304[0m 0.599 ms - -[0m
[0mGET /css/layout-ad7fced993.css [33m404[0m 7.723 ms - 164[0m
[0mGET /js/chat_engine.js [36m304[0m 1.311 ms - -[0m
[0mGET /js/toggle_likes.js [36m304[0m 1.192 ms - -[0m
[0mGET /js/home_posts.js [36m304[0m 1.240 ms - -[0m
[0mGET /css/header-6214fb5e0a.css [33m404[0m 20.459 ms - 164[0m
[0mGET /css/footer-80b8801692.css [33m404[0m 16.373 ms - 164[0m
[0mGET /css/home.css [36m304[0m 2.758 ms - -[0m
[0mGET /css/chat_box.css [36m304[0m 0.681 ms - -[0m
[0mGET /css/header-6214fb5e0a.css [33m404[0m 10.744 ms - 164[0m
[0mGET /css/footer-80b8801692.css [33m404[0m 11.406 ms - 164[0m
[0mGET /css/layout-ad7fced993.css [33m404[0m 18.529 ms - 164[0m
[0mGET / [36m304[0m 7.106 ms - -[0m
[0mGET /css/header-6214fb5e0a.css [33m404[0m 10.241 ms - 164[0m
[0mGET /css/layout-ad7fced993.css [33m404[0m 8.527 ms - 164[0m
[0mGET /css/home.css [36m304[0m 4.435 ms - -[0m
[0mGET /css/chat_box.css [36m304[0m 4.749 ms - -[0m
[0mGET /js/home_posts.js [36m304[0m 4.735 ms - -[0m
[0mGET /css/footer-80b8801692.css [33m404[0m 10.554 ms - 164[0m
[0mGET /js/toggle_likes.js [36m304[0m 0.765 ms - -[0m
[0mGET /js/chat_engine.js [36m304[0m 0.559 ms - -[0m
[0mGET / [36m304[0m 8.552 ms - -[0m
[0mGET /css/header-6214fb5e0a.css [33m404[0m 10.316 ms - 164[0m
[0mGET /css/layout-ad7fced993.css [33m404[0m 9.332 ms - 164[0m
[0mGET /css/home.css [36m304[0m 6.366 ms - -[0m
[0mGET /css/chat_box.css [36m304[0m 6.305 ms - -[0m
[0mGET /js/home_posts.js [36m304[0m 6.558 ms - -[0m
[0mGET /css/footer-80b8801692.css [33m404[0m 9.970 ms - 164[0m
[0mGET /js/chat_engine.js [36m304[0m 1.307 ms - -[0m
[0mGET /js/toggle_likes.js [36m304[0m 1.198 ms - -[0m
[0mGET / [32m200[0m 37.410 ms - 3244[0m
[0mGET /css/home.css [36m304[0m 3.052 ms - -[0m
[0mGET /js/toggle_likes.js [36m304[0m 0.872 ms - -[0m
[0mGET /css/chat_box.css [36m304[0m 4.369 ms - -[0m
[0mGET /css/footer.css [36m304[0m 4.311 ms - -[0m
[0mGET /css/header.css [36m304[0m 4.433 ms - -[0m
[0mGET /css/layout-ad7fced993.css [33m404[0m 10.950 ms - 164[0m
[0mGET /js/chat_engine.js [36m304[0m 3.951 ms - -[0m
[0mGET /js/home_posts.js [36m304[0m 2.109 ms - -[0m
[0mGET / [32m200[0m 51.852 ms - 3264[0m
[0mGET /css/home.css [36m304[0m 1.579 ms - -[0m
[0mGET /css/chat_box.css [36m304[0m 1.775 ms - -[0m
[0mGET /js/home_posts.js [36m304[0m 2.029 ms - -[0m
[0mGET /css/layout-ad7fced993.css [33m404[0m 9.958 ms - 164[0m
[0mGET /js/toggle_likes.js [36m304[0m 1.832 ms - -[0m
[0mGET /js/chat_engine.js [36m304[0m 1.506 ms - -[0m
[0mGET /css/header-6214fb5e0a.css [33m404[0m 20.613 ms - 164[0m
[0mGET /css/footer-80b8801692.css [33m404[0m 16.567 ms - 164[0m
[0mGET / [36m304[0m 11.534 ms - -[0m
[0mGET /css/home.css [36m304[0m 3.099 ms - -[0m
[0mGET /css/chat_box.css [36m304[0m 3.063 ms - -[0m
[0mGET /css/layout-ad7fced993.css [33m404[0m 4.553 ms - 164[0m
[0mGET /js/home_posts.js [36m304[0m 1.781 ms - -[0m
[0mGET /css/header-6214fb5e0a.css [33m404[0m 7.773 ms - 164[0m
[0mGET /js/toggle_likes.js [36m304[0m 1.729 ms - -[0m
[0mGET /js/chat_engine.js [36m304[0m 1.770 ms - -[0m
[0mGET /css/footer-80b8801692.css [33m404[0m 9.242 ms - 164[0m
[0mGET / [36m304[0m 12.315 ms - -[0m
[0mGET /css/home.css [36m304[0m 2.408 ms - -[0m
[0mGET /css/chat_box.css [36m304[0m 4.303 ms - -[0m
[0mGET /js/home_posts.js [36m304[0m 4.717 ms - -[0m
[0mGET /css/header-6214fb5e0a.css [33m404[0m 10.335 ms - 164[0m
[0mGET /css/layout-ad7fced993.css [33m404[0m 7.045 ms - 164[0m
[0mGET /js/chat_engine.js [36m304[0m 1.095 ms - -[0m
[0mGET /css/footer-80b8801692.css [33m404[0m 11.345 ms - 164[0m
[0mGET /js/toggle_likes.js [36m304[0m 0.682 ms - -[0m
[0mGET /css/layout-ad7fced993.css [33m404[0m 2.753 ms - 164[0m
[0mGET / [36m304[0m 11.998 ms - -[0m
[0mGET /css/layout-ad7fced993.css [33m404[0m 2.840 ms - 164[0m
[0mGET /js/toggle_likes.js [36m304[0m 1.413 ms - -[0m
[0mGET /css/home.css [36m304[0m 1.367 ms - -[0m
[0mGET /js/home_posts.js [36m304[0m 2.490 ms - -[0m
[0mGET /css/chat_box.css [36m304[0m 2.567 ms - -[0m
[0mGET /css/header-6214fb5e0a.css [33m404[0m 3.336 ms - 164[0m
[0mGET /css/footer-80b8801692.css [33m404[0m 8.722 ms - 164[0m
[0mGET /js/chat_engine.js [36m304[0m 0.924 ms - -[0m
[0mGET / [36m304[0m 46.777 ms - -[0m
[0mGET /css/layout-ad7fced993.css [33m404[0m 5.002 ms - 164[0m
[0mGET /css/home.css [36m304[0m 2.329 ms - -[0m
[0mGET /css/chat_box.css [36m304[0m 2.448 ms - -[0m
[0mGET /js/home_posts.js [36m304[0m 2.881 ms - -[0m
[0mGET /js/toggle_likes.js [36m304[0m 1.425 ms - -[0m
[0mGET /js/chat_engine.js [36m304[0m 1.187 ms - -[0m
[0mGET /css/header-6214fb5e0a.css [33m404[0m 6.856 ms - 164[0m
[0mGET /css/footer-80b8801692.css [33m404[0m 6.533 ms - 164[0m
[0mGET / [36m304[0m 18.936 ms - -[0m
[0mGET /css/home.css [36m304[0m 4.295 ms - -[0m
[0mGET /css/chat_box.css [36m304[0m 2.664 ms - -[0m
[0mGET /css/layout-ad7fced993.css [33m404[0m 9.022 ms - 164[0m
[0mGET /js/chat_engine.js [36m304[0m 2.065 ms - -[0m
[0mGET /js/home_posts.js [36m304[0m 1.199 ms - -[0m
[0mGET /css/header-6214fb5e0a.css [33m404[0m 9.644 ms - 164[0m
[0mGET /js/toggle_likes.js [36m304[0m 1.545 ms - -[0m
[0mGET /css/footer-80b8801692.css [33m404[0m 19.630 ms - 164[0m
[0mGET /css/layout-ad7fced993.css [33m404[0m 3.113 ms - 164[0m
[0mGET / [36m304[0m 15.512 ms - -[0m
[0mGET /css/home.css [36m304[0m 2.553 ms - -[0m
[0mGET /css/layout-ad7fced993.css [33m404[0m 6.551 ms - 164[0m
[0mGET /js/toggle_likes.js [36m304[0m 2.616 ms - -[0m
[0mGET /css/header-6214fb5e0a.css [33m404[0m 8.586 ms - 164[0m
[0mGET /css/chat_box.css [36m304[0m 0.869 ms - -[0m
[0mGET /js/home_posts.js [36m304[0m 0.886 ms - -[0m
[0mGET /js/chat_engine.js [36m304[0m 0.978 ms - -[0m
[0mGET /css/footer-80b8801692.css [33m404[0m 8.941 ms - 164[0m
[0mGET / [36m304[0m 16.778 ms - -[0m
[0mGET /css/home.css [36m304[0m 2.029 ms - -[0m
[0mGET /css/layout-ad7fced993.css [33m404[0m 2.483 ms - 164[0m
[0mGET /css/chat_box.css [36m304[0m 0.643 ms - -[0m
[0mGET /js/home_posts.js [36m304[0m 0.834 ms - -[0m
[0mGET /js/chat_engine.js [36m304[0m 2.653 ms - -[0m
[0mGET /js/toggle_likes.js [36m304[0m 3.148 ms - -[0m
[0mGET /css/header-6214fb5e0a.css [33m404[0m 7.112 ms - 164[0m
[0mGET /css/footer-80b8801692.css [33m404[0m 7.725 ms - 164[0m
[0mGET / [32m200[0m 16.801 ms - 3273[0m
[0mGET /css/home.css [36m304[0m 2.022 ms - -[0m
[0mGET /css/chat_box.css [36m304[0m 2.146 ms - -[0m
[0mGET /css/header-6214fb5e0a.css [33m404[0m 4.468 ms - 164[0m
[0mGET /css/footer-80b8801692.css [33m404[0m 5.551 ms - 164[0m
[0mGET /js/home_posts.js [36m304[0m 1.096 ms - -[0m
[0mGET /js/chat_engine.js [36m304[0m 1.051 ms - -[0m
[0mGET /js/toggle_likes.js [36m304[0m 0.453 ms - -[0m
[0mGET / [32m200[0m 15.588 ms - 3200[0m
[0mGET /css/home.css [36m304[0m 1.655 ms - -[0m
[0mGET /css/chat_box.css [36m304[0m 1.667 ms - -[0m
[0mGET /css/header-6214fb5e0a.css [33m404[0m 4.872 ms - 164[0m
[0mGET /css/footer-80b8801692.css [33m404[0m 5.219 ms - 164[0m
[0mGET /js/home_posts.js [36m304[0m 0.425 ms - -[0m
[0mGET /js/toggle_likes.js [36m304[0m 0.681 ms - -[0m
[0mGET /js/chat_engine.js [36m304[0m 0.422 ms - -[0m
[0mGET / [36m304[0m 16.395 ms - -[0m
[0mGET /css/header-6214fb5e0a.css [33m404[0m 2.306 ms - 164[0m
[0mGET /css/home.css [36m304[0m 1.985 ms - -[0m
[0mGET /css/chat_box.css [36m304[0m 2.030 ms - -[0m
[0mGET /js/home_posts.js [36m304[0m 2.141 ms - -[0m
[0mGET /js/toggle_likes.js [36m304[0m 1.976 ms - -[0m
[0mGET /js/chat_engine.js [36m304[0m 1.722 ms - -[0m
[0mGET /css/footer-80b8801692.css [33m404[0m 6.032 ms - 164[0m
[0mGET / [36m304[0m 8.127 ms - -[0m
[0mGET /css/home.css [36m304[0m 1.772 ms - -[0m
[0mGET /css/chat_box.css [36m304[0m 1.921 ms - -[0m
[0mGET /js/home_posts.js [36m304[0m 2.228 ms - -[0m
[0mGET /css/header-6214fb5e0a.css [33m404[0m 3.561 ms - 164[0m
[0mGET /js/toggle_likes.js [36m304[0m 1.641 ms - -[0m
[0mGET /css/footer-80b8801692.css [33m404[0m 5.116 ms - 164[0m
[0mGET /js/chat_engine.js [36m304[0m 0.775 ms - -[0m
[0mGET /css/home.css [36m304[0m 4.631 ms - -[0m
[0mGET /css/chat_box.css [36m304[0m 5.787 ms - -[0m
[0mGET /js/home_posts.js [36m304[0m 1.442 ms - -[0m
[0mGET /js/toggle_likes.js [36m304[0m 0.815 ms - -[0m
[0mGET /js/chat_engine.js [36m304[0m 1.297 ms - -[0m
[0mGET /css/header-6214fb5e0a.css [33m404[0m 19.420 ms - 164[0m
[0mGET /css/footer-80b8801692.css [33m404[0m 23.608 ms - 164[0m
[0mGET /css/layout-ad7fced993.css [33m404[0m 23.790 ms - 164[0m
[0mGET / [32m200[0m 79.375 ms - 3264[0m
[0mGET / [36m304[0m 16.520 ms - -[0m
[0mGET /css/home.css [36m304[0m 4.092 ms - -[0m
[0mGET /css/chat_box.css [36m304[0m 3.654 ms - -[0m
[0mGET /js/home_posts.js [36m304[0m 3.872 ms - -[0m
[0mGET /css/layout-ad7fced993.css [33m404[0m 5.696 ms - 164[0m
[0mGET /css/footer-80b8801692.css [33m404[0m 11.261 ms - 164[0m
[0mGET /css/header-6214fb5e0a.css [33m404[0m 7.499 ms - 164[0m
[0mGET /js/toggle_likes.js [36m304[0m 0.862 ms - -[0m
[0mGET /js/chat_engine.js [36m304[0m 0.731 ms - -[0m
[0mGET / [36m304[0m 13.674 ms - -[0m
[0mGET /css/home.css [36m304[0m 2.490 ms - -[0m
[0mGET /css/chat_box.css [36m304[0m 2.685 ms - -[0m
[0mGET /js/toggle_likes.js [36m304[0m 1.658 ms - -[0m
[0mGET /js/chat_engine.js [36m304[0m 1.785 ms - -[0m
[0mGET /js/home_posts.js [36m304[0m 2.752 ms - -[0m
[0mGET /css/header-6214fb5e0a.css [33m404[0m 11.856 ms - 164[0m
[0mGET /css/footer-80b8801692.css [33m404[0m 12.212 ms - 164[0m
[0mGET /css/layout-ad7fced993.css [33m404[0m 8.123 ms - 164[0m
[0mGET / [36m304[0m 13.310 ms - -[0m
[0mGET /css/layout-ad7fced993.css [33m404[0m 3.203 ms - 164[0m
[0mGET /css/home.css [36m304[0m 2.419 ms - -[0m
[0mGET /css/chat_box.css [36m304[0m 2.613 ms - -[0m
[0mGET /js/home_posts.js [36m304[0m 2.512 ms - -[0m
[0mGET /js/toggle_likes.js [36m304[0m 2.136 ms - -[0m
[0mGET /css/header-6214fb5e0a.css [33m404[0m 7.651 ms - 164[0m
[0mGET /js/chat_engine.js [36m304[0m 0.750 ms - -[0m
[0mGET /css/footer-80b8801692.css [33m404[0m 8.320 ms - 164[0m
[0mGET / [32m200[0m 42.963 ms - 3267[0m
[0mGET /css/layout-ad7fced993.css [33m404[0m 8.182 ms - 164[0m
[0mGET /css/home.css [36m304[0m 2.782 ms - -[0m
[0mGET /css/chat_box.css [36m304[0m 3.318 ms - -[0m
[0mGET /js/home_posts.js [36m304[0m 3.798 ms - -[0m
[0mGET /js/toggle_likes.js [36m304[0m 3.821 ms - -[0m
[0mGET /js/chat_engine.js [36m304[0m 2.093 ms - -[0m
[0mGET /css/header-6214fb5e0a.css [33m404[0m 9.078 ms - 164[0m
[0mGET /css/footer-80b8801692.css [33m404[0m 8.221 ms - 164[0m
[0mGET / [36m304[0m 19.559 ms - -[0m
[0mGET /css/home.css [36m304[0m 3.451 ms - -[0m
[0mGET /js/toggle_likes.js [36m304[0m 0.595 ms - -[0m
[0mGET /css/chat_box.css [36m304[0m 3.754 ms - -[0m
[0mGET /js/home_posts.js [36m304[0m 4.168 ms - -[0m
[0mGET /css/header-6214fb5e0a.css [33m404[0m 13.018 ms - 164[0m
[0mGET /css/footer-80b8801692.css [33m404[0m 12.872 ms - 164[0m
[0mGET /css/layout-ad7fced993.css [33m404[0m 13.766 ms - 164[0m
[0mGET /js/chat_engine.js [36m304[0m 1.648 ms - -[0m
[0mGET / [36m304[0m 15.880 ms - -[0m
[0mGET /css/home.css [36m304[0m 3.818 ms - -[0m
[0mGET /css/chat_box.css [36m304[0m 4.086 ms - -[0m
[0mGET /js/home_posts.js [36m304[0m 4.415 ms - -[0m
[0mGET /css/layout-ad7fced993.css [33m404[0m 4.585 ms - 164[0m
[0mGET /css/header-6214fb5e0a.css [33m404[0m 7.609 ms - 164[0m
[0mGET /js/toggle_likes.js [36m304[0m 1.611 ms - -[0m
[0mGET /js/chat_engine.js [36m304[0m 0.811 ms - -[0m
[0mGET /css/footer-80b8801692.css [33m404[0m 10.511 ms - 164[0m
[0mGET / [36m304[0m 8.860 ms - -[0m
[0mGET /css/header-6214fb5e0a.css [33m404[0m 6.182 ms - 164[0m
[0mGET /css/layout-ad7fced993.css [33m404[0m 5.213 ms - 164[0m
[0mGET /css/footer-80b8801692.css [33m404[0m 6.067 ms - 164[0m
[0mGET /css/home.css [36m304[0m 2.083 ms - -[0m
[0mGET /css/chat_box.css [36m304[0m 1.971 ms - -[0m
[0mGET /js/toggle_likes.js [36m304[0m 0.880 ms - -[0m
[0mGET /js/chat_engine.js [36m304[0m 0.832 ms - -[0m
[0mGET /js/home_posts.js [36m304[0m 0.789 ms - -[0m
[0mGET / [36m304[0m 9.348 ms - -[0m
[0mGET /css/layout-ad7fced993.css [33m404[0m 2.035 ms - 164[0m
[0mGET /css/home.css [36m304[0m 1.696 ms - -[0m
[0mGET /css/chat_box.css [36m304[0m 1.396 ms - -[0m
[0mGET /js/chat_engine.js [36m304[0m 2.071 ms - -[0m
[0mGET /js/toggle_likes.js [36m304[0m 2.957 ms - -[0m
[0mGET /js/home_posts.js [36m304[0m 2.246 ms - -[0m
[0mGET /css/header-6214fb5e0a.css [33m404[0m 7.466 ms - 164[0m
[0mGET /css/footer-80b8801692.css [33m404[0m 7.881 ms - 164[0m
[0mGET / [36m304[0m 38.569 ms - -[0m
[0mGET /css/home.css [36m304[0m 8.753 ms - -[0m
[0mGET /css/chat_box.css [36m304[0m 8.842 ms - -[0m
[0mGET /js/home_posts.js [36m304[0m 8.230 ms - -[0m
[0mGET /css/layout-ad7fced993.css [33m404[0m 10.583 ms - 164[0m
[0mGET /js/chat_engine.js [36m304[0m 0.609 ms - -[0m
[0mGET /css/header-6214fb5e0a.css [33m404[0m 18.648 ms - 164[0m
[0mGET /js/toggle_likes.js [36m304[0m 1.641 ms - -[0m
[0mGET /css/footer-80b8801692.css [33m404[0m 25.713 ms - 164[0m
[0mGET / [36m304[0m 8.105 ms - -[0m
[0mGET /css/layout-ad7fced993.css [33m404[0m 2.196 ms - 164[0m
[0mGET /js/toggle_likes.js [36m304[0m 1.071 ms - -[0m
[0mGET /css/home.css [36m304[0m 1.420 ms - -[0m
[0mGET /css/chat_box.css [36m304[0m 1.438 ms - -[0m
[0mGET /js/home_posts.js [36m304[0m 3.955 ms - -[0m
[0mGET /css/footer-80b8801692.css [33m404[0m 9.673 ms - 164[0m
[0mGET /css/header-6214fb5e0a.css [33m404[0m 9.986 ms - 164[0m
[0mGET /js/chat_engine.js [36m304[0m 1.322 ms - -[0m
[0mGET /css/home.css [36m304[0m 0.846 ms - -[0m
[0mGET /css/chat_box.css [36m304[0m 6.303 ms - -[0m
[0mGET /css/header-6214fb5e0a.css [33m404[0m 7.299 ms - 164[0m
[0mGET /css/layout-ad7fced993.css [33m404[0m 9.437 ms - 164[0m
[0mGET /css/footer-80b8801692.css [33m404[0m 7.906 ms - 164[0m
[0mGET / [36m304[0m 51.942 ms - -[0m
[0mGET /css/home.css [36m304[0m 4.905 ms - -[0m
[0mGET /css/chat_box.css [36m304[0m 5.484 ms - -[0m
[0mGET /js/home_posts.js [36m304[0m 4.965 ms - -[0m
[0mGET /js/toggle_likes.js [36m304[0m 1.744 ms - -[0m
[0mGET /js/chat_engine.js [36m304[0m 1.389 ms - -[0m
[0mGET /css/layout-ad7fced993.css [33m404[0m 15.721 ms - 164[0m
[0mGET /css/header-6214fb5e0a.css [33m404[0m 28.644 ms - 164[0m
[0mGET /css/footer-80b8801692.css [33m404[0m 29.222 ms - 164[0m
[0mGET / [36m304[0m 9.600 ms - -[0m
[0mGET /css/home.css [36m304[0m 0.648 ms - -[0m
[0mGET /css/chat_box.css [36m304[0m 0.805 ms - -[0m
[0mGET /js/home_posts.js [36m304[0m 1.124 ms - -[0m
[0mGET /js/toggle_likes.js [36m304[0m 12.116 ms - -[0m
[0mGET /css/header-6214fb5e0a.css [33m404[0m 18.212 ms - 164[0m
[0mGET /css/layout-ad7fced993.css [33m404[0m 17.623 ms - 164[0m
[0mGET /js/chat_engine.js [36m304[0m 0.689 ms - -[0m
[0mGET /css/footer-80b8801692.css [33m404[0m 18.732 ms - 164[0m
[0mGET / [36m304[0m 11.136 ms - -[0m
[0mGET /css/home.css [36m304[0m 3.764 ms - -[0m
[0mGET /css/layout-ad7fced993.css [33m404[0m 5.450 ms - 164[0m
[0mGET /js/toggle_likes.js [36m304[0m 5.073 ms - -[0m
[0mGET /css/chat_box.css [36m304[0m 3.157 ms - -[0m
[0mGET /js/home_posts.js [36m304[0m 3.092 ms - -[0m
[0mGET /css/header-6214fb5e0a.css [33m404[0m 9.073 ms - 164[0m
[0mGET /css/footer-80b8801692.css [33m404[0m 11.580 ms - 164[0m
[0mGET /js/chat_engine.js [36m304[0m 1.208 ms - -[0m
[0mGET / [36m304[0m 14.669 ms - -[0m
[0mGET /css/chat_box.css [36m304[0m 0.443 ms - -[0m
[0mGET /js/toggle_likes.js [36m304[0m 1.376 ms - -[0m
[0mGET /css/home.css [36m304[0m 1.387 ms - -[0m
[0mGET /js/home_posts.js [36m304[0m 4.139 ms - -[0m
[0mGET /css/header-6214fb5e0a.css [33m404[0m 10.099 ms - 164[0m
[0mGET /css/layout-ad7fced993.css [33m404[0m 9.704 ms - 164[0m
[0mGET /js/chat_engine.js [36m304[0m 0.438 ms - -[0m
[0mGET /css/footer-80b8801692.css [33m404[0m 11.142 ms - 164[0m
[0mGET / [36m304[0m 41.045 ms - -[0m
[0mGET /css/layout-ad7fced993.css [33m404[0m 6.795 ms - 164[0m
[0mGET /css/home.css [36m304[0m 2.604 ms - -[0m
[0mGET /css/chat_box.css [36m304[0m 2.846 ms - -[0m
[0mGET /js/home_posts.js [36m304[0m 3.167 ms - -[0m
[0mGET /js/toggle_likes.js [36m304[0m 4.562 ms - -[0m
[0mGET /js/chat_engine.js [36m304[0m 0.817 ms - -[0m
[0mGET /css/header-6214fb5e0a.css [33m404[0m 10.422 ms - 164[0m
[0mGET /css/footer-80b8801692.css [33m404[0m 15.348 ms - 164[0m
[0mGET /css/layout-ad7fced993.css [33m404[0m 3.766 ms - 164[0m
[0mGET / [32m200[0m 46.662 ms - 3189[0m
[0mGET /css/home.css [36m304[0m 2.006 ms - -[0m
[0mGET /css/chat_box.css [36m304[0m 1.326 ms - -[0m
[0mGET /js/chat_engine.js [36m304[0m 1.845 ms - -[0m
[0mGET /js/home_posts.js [36m304[0m 1.679 ms - -[0m
[0mGET /js/toggle_likes.js [36m304[0m 1.651 ms - -[0m
[0mGET / [36m304[0m 18.512 ms - -[0m
[0mGET /css/home.css [36m304[0m 2.128 ms - -[0m
[0mGET /css/chat_box.css [36m304[0m 1.506 ms - -[0m
[0mGET /js/toggle_likes.js [36m304[0m 1.562 ms - -[0m
[0mGET /js/home_posts.js [36m304[0m 1.500 ms - -[0m
[0mGET /js/chat_engine.js [36m304[0m 1.393 ms - -[0m
[0mGET / [36m304[0m 8.685 ms - -[0m
[0mGET /css/chat_box.css [36m304[0m 1.110 ms - -[0m
[0mGET /js/home_posts.js [36m304[0m 1.039 ms - -[0m
[0mGET /css/home.css [36m304[0m 0.553 ms - -[0m
[0mGET /js/toggle_likes.js [36m304[0m 0.608 ms - -[0m
[0mGET /js/chat_engine.js [36m304[0m 0.591 ms - -[0m
[0mGET / [36m304[0m 46.527 ms - -[0m
[0mGET /js/home_posts.js [36m304[0m 2.941 ms - -[0m
[0mGET /css/home.css [36m304[0m 1.500 ms - -[0m
[0mGET /css/chat_box.css [36m304[0m 1.181 ms - -[0m
[0mGET /js/toggle_likes.js [36m304[0m 1.227 ms - -[0m
[0mGET /js/chat_engine.js [36m304[0m 0.968 ms - -[0m
[0mGET / [36m304[0m 9.526 ms - -[0m
[0mGET /css/home.css [36m304[0m 3.449 ms - -[0m
[0mGET /css/chat_box.css [36m304[0m 3.313 ms - -[0m
[0mGET /js/home_posts.js [36m304[0m 2.958 ms - -[0m
[0mGET /js/toggle_likes.js [36m304[0m 2.799 ms - -[0m
[0mGET /js/chat_engine.js [36m304[0m 2.371 ms - -[0m
[0mGET /css/home.css [36m304[0m 1.140 ms - -[0m
[0mGET /css/chat_box.css [36m304[0m 0.571 ms - -[0m
[0mGET / [32m200[0m 62.381 ms - 3203[0m
[0mGET /css/chat_box.css [36m304[0m 1.832 ms - -[0m
[0mGET /css/layout.css [32m200[0m 8.225 ms - 92[0m
[0mGET /css/home.css [36m304[0m 2.552 ms - -[0m
[0mGET /js/home_posts.js [36m304[0m 1.893 ms - -[0m
[0mGET /js/toggle_likes.js [36m304[0m 1.678 ms - -[0m
[0mGET /js/chat_engine.js [36m304[0m 0.934 ms - -[0m
[0mGET / [36m304[0m 12.578 ms - -[0m
[0mGET /js/home_posts.js [36m304[0m 2.195 ms - -[0m
[0mGET /css/home.css [36m304[0m 1.813 ms - -[0m
[0mGET /css/layout.css [36m304[0m 1.694 ms - -[0m
[0mGET /css/chat_box.css [36m304[0m 1.638 ms - -[0m
[0mGET /js/toggle_likes.js [36m304[0m 1.748 ms - -[0m
[0mGET /js/chat_engine.js [36m304[0m 0.503 ms - -[0m
[0mGET / [36m304[0m 12.685 ms - -[0m
[0mGET /css/layout.css [36m304[0m 0.988 ms - -[0m
[0mGET /css/home.css [36m304[0m 1.018 ms - -[0m
[0mGET /css/chat_box.css [36m304[0m 0.474 ms - -[0m
[0mGET /js/home_posts.js [36m304[0m 1.388 ms - -[0m
[0mGET /js/toggle_likes.js [36m304[0m 1.066 ms - -[0m
[0mGET /js/chat_engine.js [36m304[0m 1.082 ms - -[0m
[0mGET / [36m304[0m 11.408 ms - -[0m
[0mGET /css/layout.css [36m304[0m 0.433 ms - -[0m
[0mGET /css/home.css [36m304[0m 1.390 ms - -[0m
[0mGET /css/chat_box.css [36m304[0m 1.474 ms - -[0m
[0mGET /js/home_posts.js [36m304[0m 1.825 ms - -[0m
[0mGET /js/toggle_likes.js [36m304[0m 1.817 ms - -[0m
[0mGET /js/chat_engine.js [36m304[0m 1.814 ms - -[0m
[0mGET / [36m304[0m 16.477 ms - -[0m
[0mGET /css/home.css [36m304[0m 0.968 ms - -[0m
[0mGET /css/layout.css [36m304[0m 0.883 ms - -[0m
[0mGET /css/chat_box.css [36m304[0m 0.518 ms - -[0m
[0mGET /js/home_posts.js [36m304[0m 0.481 ms - -[0m
[0mGET /js/toggle_likes.js [36m304[0m 0.427 ms - -[0m
[0mGET /js/chat_engine.js [36m304[0m 0.343 ms - -[0m
[0mGET / [36m304[0m 9.368 ms - -[0m
[0mGET /css/layout.css [36m304[0m 0.900 ms - -[0m
[0mGET /css/chat_box.css [36m304[0m 0.848 ms - -[0m
[0mGET /css/home.css [36m304[0m 0.693 ms - -[0m
[0mGET /js/home_posts.js [36m304[0m 0.474 ms - -[0m
[0mGET /js/toggle_likes.js [36m304[0m 0.384 ms - -[0m
[0mGET /js/chat_engine.js [36m304[0m 0.453 ms - -[0m
[0mGET / [36m304[0m 8.273 ms - -[0m
[0mGET /css/layout.css [36m304[0m 1.204 ms - -[0m
[0mGET /css/home.css [36m304[0m 1.174 ms - -[0m
[0mGET /css/chat_box.css [36m304[0m 1.264 ms - -[0m
[0mGET /js/home_posts.js [36m304[0m 1.268 ms - -[0m
[0mGET /js/toggle_likes.js [36m304[0m 0.342 ms - -[0m
[0mGET /js/chat_engine.js [36m304[0m 0.351 ms - -[0m
[0mGET / [36m304[0m 69.529 ms - -[0m
[0mGET /css/layout.css [36m304[0m 1.115 ms - -[0m
[0mGET /css/home.css [36m304[0m 2.021 ms - -[0m
[0mGET /css/chat_box.css [36m304[0m 1.577 ms - -[0m
[0mGET /js/chat_engine.js [36m304[0m 0.847 ms - -[0m
[0mGET /js/home_posts.js [36m304[0m 0.790 ms - -[0m
[0mGET /js/toggle_likes.js [36m304[0m 0.708 ms - -[0m
[0mGET /css/layout.css [36m304[0m 6.479 ms - -[0m
[0mGET /css/home.css [36m304[0m 1.327 ms - -[0m
[0mGET /css/chat_box.css [36m304[0m 1.338 ms - -[0m
[0mGET / [32m200[0m 42.312 ms - 3189[0m
[0mGET /css/home.css [36m304[0m 0.436 ms - -[0m
[0mGET /css/chat_box.css [36m304[0m 0.430 ms - -[0m
[0mGET /js/home_posts.js [36m304[0m 2.449 ms - -[0m
[0mGET /js/chat_engine.js [36m304[0m 2.379 ms - -[0m
[0mGET /js/toggle_likes.js [36m304[0m 1.250 ms - -[0m
[0mGET / [32m200[0m 40.830 ms - 3264[0m
[0mGET /css/home.css [36m304[0m 1.740 ms - -[0m
[0mGET /css/chat_box.css [36m304[0m 1.678 ms - -[0m
[0mGET /js/home_posts.js [36m304[0m 3.759 ms - -[0m
[0mGET /js/toggle_likes.js [36m304[0m 0.832 ms - -[0m
[0mGET /js/chat_engine.js [36m304[0m 0.848 ms - -[0m
[0mGET /css/layout-ad7fced993.css [33m404[0m 7.238 ms - 164[0m
[0mGET /css/footer-80b8801692.css [33m404[0m 20.614 ms - 164[0m
[0mGET /css/header-6214fb5e0a.css [33m404[0m 24.021 ms - 164[0m
[0mGET /css/layout-ad7fced993.css [33m404[0m 2.533 ms - 164[0m
[0mGET / [36m304[0m 12.770 ms - -[0m
[0mGET /css/home.css [36m304[0m 5.391 ms - -[0m
[0mGET /css/chat_box.css [36m304[0m 5.503 ms - -[0m
[0mGET /js/home_posts.js [36m304[0m 3.186 ms - -[0m
[0mGET /css/layout-ad7fced993.css [33m404[0m 7.662 ms - 164[0m
[0mGET /js/chat_engine.js [36m304[0m 2.277 ms - -[0m
[0mGET /css/header-6214fb5e0a.css [33m404[0m 12.405 ms - 164[0m
[0mGET /js/toggle_likes.js [36m304[0m 1.232 ms - -[0m
[0mGET /css/footer-80b8801692.css [33m404[0m 14.591 ms - 164[0m
[0mGET /css/layout-ad7fced993.css [33m404[0m 4.552 ms - 164[0m
[0mGET / [32m200[0m 20.549 ms - 3312[0m
[0mGET /css/home.css [36m304[0m 2.811 ms - -[0m
[0mGET /css/chat_box.css [36m304[0m 2.992 ms - -[0m
[0mGET /js/home_posts.js [36m304[0m 2.912 ms - -[0m
[0mGET /css/layout-ad7fced993.css [33m404[0m 16.828 ms - 164[0m
[0mGET /js/chat_engine.js [36m304[0m 1.256 ms - -[0m
[0mGET /css/header-6214fb5e0a.css [33m404[0m 18.655 ms - 164[0m
[0mGET /js/toggle_likes.js [36m304[0m 0.582 ms - -[0m
[0mGET /css/footer-80b8801692.css [33m404[0m 8.195 ms - 164[0m
[0mGET / [36m304[0m 55.012 ms - -[0m
[0mGET /css/home.css [36m304[0m 2.163 ms - -[0m
[0mGET /css/chat_box.css [36m304[0m 2.118 ms - -[0m
[0mGET /css/layout-ad7fced993.css [33m404[0m 8.497 ms - 164[0m
[0mGET /js/home_posts.js [36m304[0m 3.717 ms - -[0m
[0mGET /js/toggle_likes.js [36m304[0m 1.063 ms - -[0m
[0mGET /js/chat_engine.js [36m304[0m 0.546 ms - -[0m
[0mGET /css/header-6214fb5e0a.css [33m404[0m 19.726 ms - 164[0m
[0mGET /css/footer-80b8801692.css [33m404[0m 15.472 ms - 164[0m
[0mGET / [36m304[0m 20.844 ms - -[0m
[0mGET /css/layout-ad7fced993.css [33m404[0m 8.852 ms - 164[0m
[0mGET /css/home.css [36m304[0m 8.247 ms - -[0m
[0mGET /js/home_posts.js [36m304[0m 7.835 ms - -[0m
[0mGET /css/chat_box.css [36m304[0m 1.749 ms - -[0m
[0mGET /css/header-6214fb5e0a.css [33m404[0m 9.526 ms - 164[0m
[0mGET /js/toggle_likes.js [36m304[0m 1.593 ms - -[0m
[0mGET /js/chat_engine.js [36m304[0m 2.348 ms - -[0m
[0mGET /css/footer-80b8801692.css [33m404[0m 14.280 ms - 164[0m
[0mGET / [32m200[0m 36.356 ms - 3301[0m
[0mGET /css/layout.css [36m304[0m 4.726 ms - -[0m
[0mGET /css/home.css [36m304[0m 3.897 ms - -[0m
[0mGET /css/chat_box.css [36m304[0m 3.561 ms - -[0m
[0mGET /js/home_posts.js [36m304[0m 3.579 ms - -[0m
[0mGET /css/header-6214fb5e0a.css [33m404[0m 8.618 ms - 164[0m
[0mGET /js/toggle_likes.js [36m304[0m 2.112 ms - -[0m
[0mGET /js/chat_engine.js [36m304[0m 1.704 ms - -[0m
[0mGET /css/footer-80b8801692.css [33m404[0m 11.498 ms - 164[0m
[0mGET / [32m200[0m 12.932 ms - 3290[0m
[0mGET /css/layout.css [36m304[0m 1.678 ms - -[0m
[0mGET /css/home.css [36m304[0m 0.682 ms - -[0m
[0mGET /css/header.css [36m304[0m 0.736 ms - -[0m
[0mGET /css/chat_box.css [36m304[0m 1.948 ms - -[0m
[0mGET /js/home_posts.js [36m304[0m 1.564 ms - -[0m
[0mGET /js/toggle_likes.js [36m304[0m 1.437 ms - -[0m
[0mGET /css/footer-80b8801692.css [33m404[0m 6.054 ms - 164[0m
[0mGET /js/chat_engine.js [36m304[0m 1.120 ms - -[0m
[0mGET / [32m200[0m 13.357 ms - 3279[0m
[0mGET /css/layout.css [36m304[0m 0.495 ms - -[0m
[0mGET /css/header.css [36m304[0m 1.834 ms - -[0m
[0mGET /css/chat_box.css [36m304[0m 2.062 ms - -[0m
[0mGET /js/toggle_likes.js [36m304[0m 2.165 ms - -[0m
[0mGET /js/chat_engine.js [36m304[0m 2.118 ms - -[0m
[0mGET /css/footer.css [36m304[0m 0.802 ms - -[0m
[0mGET /css/home.css [36m304[0m 0.855 ms - -[0m
[0mGET /js/home_posts.js [36m304[0m 0.408 ms - -[0m
[0mGET / [36m304[0m 46.276 ms - -[0m
[0mGET /css/layout.css [36m304[0m 2.748 ms - -[0m
[0mGET /css/footer.css [36m304[0m 1.932 ms - -[0m
[0mGET /css/home.css [36m304[0m 1.895 ms - -[0m
[0mGET /css/chat_box.css [36m304[0m 1.626 ms - -[0m
[0mGET /js/home_posts.js [36m304[0m 2.530 ms - -[0m
[0mGET /js/toggle_likes.js [36m304[0m 1.212 ms - -[0m
[0mGET /css/header.css [36m304[0m 1.266 ms - -[0m
[0mGET /js/chat_engine.js [36m304[0m 0.680 ms - -[0m
[0mGET / [32m200[0m 32.030 ms - 3290[0m
[0mGET /css/header.css [36m304[0m 2.821 ms - -[0m
[0mGET /css/footer.css [36m304[0m 3.132 ms - -[0m
[0mGET /css/home.css [36m304[0m 3.659 ms - -[0m
[0mGET /js/home_posts.js [36m304[0m 3.646 ms - -[0m
[0mGET /js/toggle_likes.js [36m304[0m 3.756 ms - -[0m
[0mGET /css/chat_box.css [36m304[0m 1.600 ms - -[0m
[0mGET /js/chat_engine.js [36m304[0m 1.529 ms - -[0m
[0mGET /css/layout-ad7fced993.css [33m404[0m 13.005 ms - 164[0m
[0mGET / [36m304[0m 60.130 ms - -[0m
[0mGET /css/header.css [36m304[0m 2.148 ms - -[0m
[0mGET /css/footer.css [36m304[0m 5.385 ms - -[0m
[0mGET /css/home.css [36m304[0m 5.221 ms - -[0m
[0mGET /css/layout-ad7fced993.css [33m404[0m 7.946 ms - 164[0m
[0mGET /css/chat_box.css [36m304[0m 5.000 ms - -[0m
[0mGET /js/chat_engine.js [36m304[0m 4.666 ms - -[0m
[0mGET /js/home_posts.js [36m304[0m 3.614 ms - -[0m
[0mGET /js/toggle_likes.js [36m304[0m 3.189 ms - -[0m
[0mGET /css/layout-ad7fced993.css [33m404[0m 3.702 ms - 164[0m
[0mGET / [36m304[0m 55.229 ms - -[0m
[0mGET /css/header.css [36m304[0m 2.049 ms - -[0m
[0mGET /css/footer.css [36m304[0m 4.138 ms - -[0m
[0mGET /css/home.css [36m304[0m 4.062 ms - -[0m
[0mGET /css/chat_box.css [36m304[0m 0.970 ms - -[0m
[0mGET /css/layout-ad7fced993.css [33m404[0m 8.140 ms - 164[0m
[0mGET /js/home_posts.js [36m304[0m 2.086 ms - -[0m
[0mGET /js/toggle_likes.js [36m304[0m 2.071 ms - -[0m
[0mGET /js/chat_engine.js [36m304[0m 1.619 ms - -[0m
[0mGET /css/layout-ad7fced993.css [33m404[0m 3.071 ms - 164[0m
[0mGET / [36m304[0m 52.706 ms - -[0m
[0mGET /css/header.css [36m304[0m 4.008 ms - -[0m
[0mGET /js/toggle_likes.js [36m304[0m 6.448 ms - -[0m
[0mGET /css/layout-ad7fced993.css [33m404[0m 13.348 ms - 164[0m
[0mGET /css/footer.css [36m304[0m 4.001 ms - -[0m
[0mGET /css/home.css [36m304[0m 3.912 ms - -[0m
[0mGET /css/chat_box.css [36m304[0m 3.623 ms - -[0m
[0mGET /js/home_posts.js [36m304[0m 4.136 ms - -[0m
[0mGET /js/chat_engine.js [36m304[0m 1.782 ms - -[0m
[0mGET / [32m200[0m 42.699 ms - 3265[0m
[0mGET /css/footer.css [36m304[0m 2.134 ms - -[0m
[0mGET /css/header.css [36m304[0m 1.515 ms - -[0m
[0mGET /css/home.css [36m304[0m 0.311 ms - -[0m
[0mGET /css/chat_box.css [36m304[0m 1.092 ms - -[0m
[0mGET /js/home_posts.js [36m304[0m 1.158 ms - -[0m
[0mGET /js/toggle_likes.js [36m304[0m 1.463 ms - -[0m
[0mGET /js/chat_engine.js [36m304[0m 1.445 ms - -[0m
[0mGET / [36m304[0m 33.289 ms - -[0m
[0mGET /css/header.css [36m304[0m 6.289 ms - -[0m
[0mGET /css/footer.css [36m304[0m 4.352 ms - -[0m
[0mGET /css/home.css [36m304[0m 4.514 ms - -[0m
[0mGET /css/chat_box.css [36m304[0m 3.954 ms - -[0m
[0mGET /js/home_posts.js [36m304[0m 4.824 ms - -[0m
[0mGET /js/toggle_likes.js [36m304[0m 5.238 ms - -[0m
[0mGET /js/chat_engine.js [36m304[0m 1.859 ms - -[0m
[0mGET / [32m200[0m 24.101 ms - 3251[0m
[0mGET /css/footer.css [36m304[0m 1.292 ms - -[0m
[0mGET /css/home.css [36m304[0m 0.977 ms - -[0m
[0mGET /css/chat_box.css [36m304[0m 3.422 ms - -[0m
[0mGET /js/chat_engine.js [36m304[0m 3.476 ms - -[0m
[0mGET /js/home_posts.js [36m304[0m 3.532 ms - -[0m
[0mGET /js/toggle_likes.js [36m304[0m 3.555 ms - -[0m
[0mGET / [32m200[0m 11.297 ms - 3301[0m
[0mGET /css/footer.css [36m304[0m 9.065 ms - -[0m
[0mGET /css/home.css [36m304[0m 9.541 ms - -[0m
[0mGET /css/chat_box.css [36m304[0m 9.730 ms - -[0m
[0mGET /js/home_posts.js [36m304[0m 10.887 ms - -[0m
[0mGET /css/layout-ad7fced993.css [33m404[0m 9.792 ms - 164[0m
[0mGET /js/chat_engine.js [36m304[0m 1.758 ms - -[0m
[0mGET /js/toggle_likes.js [36m304[0m 1.129 ms - -[0m
[0mGET /css/header-6214fb5e0a.css [33m404[0m 21.182 ms - 164[0m
[0mGET / [32m200[0m 33.328 ms - 3279[0m
[0mGET /css/footer.css [36m304[0m 2.768 ms - -[0m
[0mGET /css/home.css [36m304[0m 2.484 ms - -[0m
[0mGET /css/chat_box.css [36m304[0m 1.664 ms - -[0m
[0mGET /js/toggle_likes.js [36m304[0m 2.981 ms - -[0m
[0mGET /css/layout.css [36m304[0m 3.112 ms - -[0m
[0mGET /css/header.css [36m304[0m 3.117 ms - -[0m
[0mGET /js/home_posts.js [36m304[0m 3.476 ms - -[0m
[0mGET /js/chat_engine.js [36m304[0m 2.464 ms - -[0m
[0mGET / [36m304[0m 47.770 ms - -[0m
[0mGET /css/layout.css [36m304[0m 4.978 ms - -[0m
[0mGET /css/header.css [36m304[0m 4.727 ms - -[0m
[0mGET /css/footer.css [36m304[0m 4.413 ms - -[0m
[0mGET /css/home.css [36m304[0m 6.135 ms - -[0m
[0mGET /css/chat_box.css [36m304[0m 5.562 ms - -[0m
[0mGET /js/home_posts.js [36m304[0m 5.985 ms - -[0m
[0mGET /js/toggle_likes.js [36m304[0m 4.479 ms - -[0m
[0mGET /js/chat_engine.js [36m304[0m 3.208 ms - -[0m
[0mGET /favicon.ico [33m404[0m 9.576 ms - 150[0m
[0mGET / [36m304[0m 9.723 ms - -[0m
[0mGET /css/layout.css [36m304[0m 0.826 ms - -[0m
[0mGET /css/header.css [36m304[0m 1.330 ms - -[0m
[0mGET /css/footer.css [36m304[0m 1.642 ms - -[0m
[0mGET /css/home.css [36m304[0m 1.763 ms - -[0m
[0mGET /css/chat_box.css [36m304[0m 2.219 ms - -[0m
[0mGET /js/home_posts.js [36m304[0m 2.468 ms - -[0m
[0mGET /js/toggle_likes.js [36m304[0m 2.949 ms - -[0m
[0mGET /js/chat_engine.js [36m304[0m 3.073 ms - -[0m
[0mGET / [36m304[0m 49.615 ms - -[0m
[0mGET /js/home_posts.js [36m304[0m 3.796 ms - -[0m
[0mGET /css/layout.css [36m304[0m 5.510 ms - -[0m
[0mGET /css/header.css [36m304[0m 3.556 ms - -[0m
[0mGET /css/footer.css [36m304[0m 3.403 ms - -[0m
[0mGET /css/home.css [36m304[0m 3.191 ms - -[0m
[0mGET /css/chat_box.css [36m304[0m 3.464 ms - -[0m
[0mGET /js/toggle_likes.js [36m304[0m 3.868 ms - -[0m
[0mGET /js/chat_engine.js [36m304[0m 2.066 ms - -[0m
[0mGET /users/sign-in [32m200[0m 11.621 ms - 2436[0m
[0mGET /users/css/layout.css [33m404[0m 6.066 ms - 159[0m
[0mGET /users/css/header.css [33m404[0m 6.752 ms - 159[0m
[0mGET /users/css/footer.css [33m404[0m 12.594 ms - 159[0m
[0mPOST /users/create-session [36m302[0m 43.025 ms - 46[0m
[0mGET / [32m200[0m 16.241 ms - 4393[0m
[0mGET /css/layout.css [36m304[0m 2.014 ms - -[0m
[0mGET /css/header.css [36m304[0m 1.985 ms - -[0m
[0mGET /css/footer.css [36m304[0m 2.331 ms - -[0m
[0mGET /css/home.css [36m304[0m 2.193 ms - -[0m
[0mGET /css/chat_box.css [36m304[0m 2.531 ms - -[0m
[0mGET /js/home_posts.js [36m304[0m 2.789 ms - -[0m
[0mGET /js/toggle_likes.js [36m304[0m 2.538 ms - -[0m
[0mGET /js/chat_engine.js [36m304[0m 1.325 ms - -[0m
[0mGET / [32m200[0m 49.517 ms - 4126[0m
[0mGET /css/layout.css [36m304[0m 1.887 ms - -[0m
[0mGET /css/footer.css [36m304[0m 2.060 ms - -[0m
[0mGET /css/header.css [36m304[0m 1.426 ms - -[0m
[0mGET /css/home.css [36m304[0m 1.689 ms - -[0m
[0mGET /css/chat_box.css [36m304[0m 1.507 ms - -[0m
[0mGET /js/home_posts.js [36m304[0m 1.945 ms - -[0m
[0mGET /js/toggle_likes.js [36m304[0m 1.253 ms - -[0m
[0mGET /js/chat_engine.js [36m304[0m 1.074 ms - -[0m
[0mGET / [36m304[0m 53.466 ms - -[0m
[0mGET /css/layout.css [36m304[0m 5.534 ms - -[0m
[0mGET /css/header.css [36m304[0m 4.378 ms - -[0m
[0mGET /css/footer.css [36m304[0m 4.047 ms - -[0m
[0mGET /css/chat_box.css [36m304[0m 3.771 ms - -[0m
[0mGET /css/home.css [36m304[0m 2.164 ms - -[0m
[0mGET /js/home_posts.js [36m304[0m 2.066 ms - -[0m
[0mGET /js/toggle_likes.js [36m304[0m 1.243 ms - -[0m
[0mGET /js/chat_engine.js [36m304[0m 1.181 ms - -[0m
[0mGET / [36m304[0m 66.090 ms - -[0m
[0mGET /js/home_posts.js [36m304[0m 4.171 ms - -[0m
[0mGET /css/layout.css [36m304[0m 3.877 ms - -[0m
[0mGET /css/header.css [36m304[0m 3.786 ms - -[0m
[0mGET /css/footer.css [36m304[0m 4.109 ms - -[0m
[0mGET /css/home.css [36m304[0m 4.275 ms - -[0m
[0mGET /css/chat_box.css [36m304[0m 3.708 ms - -[0m
[0mGET /js/toggle_likes.js [36m304[0m 1.802 ms - -[0m
[0mGET /js/chat_engine.js [32m200[0m 3.001 ms - 1719[0m
[0mGET /users/sign-out [36m302[0m 17.565 ms - 46[0m
[0mGET / [32m200[0m 15.661 ms - 3547[0m
[0mGET /css/layout.css [36m304[0m 2.362 ms - -[0m
[0mGET /css/header.css [36m304[0m 2.064 ms - -[0m
[0mGET /css/footer.css [36m304[0m 3.040 ms - -[0m
[0mGET /css/home.css [36m304[0m 2.435 ms - -[0m
[0mGET /css/chat_box.css [36m304[0m 2.379 ms - -[0m
[0mGET /js/home_posts.js [36m304[0m 2.342 ms - -[0m
[0mGET /js/toggle_likes.js [36m304[0m 1.540 ms - -[0m
[0mGET /js/chat_engine.js [36m304[0m 1.538 ms - -[0m
[0mGET /users/sign-in [36m304[0m 9.113 ms - -[0m
[0mGET /users/css/layout.css [33m404[0m 4.064 ms - 159[0m
[0mGET /users/css/header.css [33m404[0m 4.496 ms - 159[0m
[0mGET /users/css/footer.css [33m404[0m 10.631 ms - 159[0m
[0mPOST /users/create-session [36m302[0m 28.683 ms - 46[0m
[0mGET / [32m200[0m 18.490 ms - 4376[0m
[0mGET /css/layout.css [36m304[0m 0.571 ms - -[0m
[0mGET /css/header.css [36m304[0m 0.952 ms - -[0m
[0mGET /css/home.css [36m304[0m 1.205 ms - -[0m
[0mGET /css/footer.css [36m304[0m 0.601 ms - -[0m
[0mGET /css/chat_box.css [36m304[0m 1.376 ms - -[0m
[0mGET /js/home_posts.js [36m304[0m 1.390 ms - -[0m
[0mGET /js/toggle_likes.js [36m304[0m 1.725 ms - -[0m
[0mGET /js/chat_engine.js [36m304[0m 0.744 ms - -[0m
[0mGET /users/sign-out [36m302[0m 10.130 ms - 46[0m
[0mGET / [32m200[0m 13.768 ms - 3547[0m
[0mGET /css/layout.css [36m304[0m 1.075 ms - -[0m
[0mGET /css/header.css [36m304[0m 2.230 ms - -[0m
[0mGET /css/footer.css [36m304[0m 2.556 ms - -[0m
[0mGET /css/home.css [36m304[0m 2.765 ms - -[0m
[0mGET /js/chat_engine.js [36m304[0m 2.656 ms - -[0m
[0mGET /css/chat_box.css [36m304[0m 1.527 ms - -[0m
[0mGET /js/home_posts.js [36m304[0m 1.267 ms - -[0m
[0mGET /js/toggle_likes.js [36m304[0m 1.284 ms - -[0m
[0mGET /users/sign-in [36m304[0m 5.317 ms - -[0m
[0mGET /users/css/layout.css [33m404[0m 2.726 ms - 159[0m
[0mGET /users/css/header.css [33m404[0m 5.754 ms - 159[0m
[0mGET /users/css/footer.css [33m404[0m 8.354 ms - 159[0m
[0mGET /users/sign-up [32m200[0m 8.261 ms - 2586[0m
[0mGET /users/css/layout.css [33m404[0m 2.839 ms - 159[0m
[0mGET /users/css/header.css [33m404[0m 3.982 ms - 159[0m
[0mGET /users/css/footer.css [33m404[0m 4.529 ms - 159[0m
[0mGET /users/sign-in [36m304[0m 5.873 ms - -[0m
[0mGET /users/css/layout.css [33m404[0m 2.789 ms - 159[0m
[0mGET /users/css/header.css [33m404[0m 6.661 ms - 159[0m
[0mGET /users/css/footer.css [33m404[0m 7.190 ms - 159[0m
[0mGET /users/sign-in [36m304[0m 4.840 ms - -[0m
[0mGET /users/css/layout.css [33m404[0m 3.601 ms - 159[0m
[0mGET /users/css/header.css [33m404[0m 2.944 ms - 159[0m
[0mGET /users/css/footer.css [33m404[0m 3.004 ms - 159[0m
[0mGET /users/css/layout.css [33m404[0m 2.967 ms - 159[0m
[0mPOST /users/create-session [36m302[0m 11.584 ms - 46[0m
[0mGET / [32m200[0m 15.624 ms - 4393[0m
[0mGET /css/layout.css [36m304[0m 0.608 ms - -[0m
[0mGET /css/header.css [36m304[0m 0.688 ms - -[0m
[0mGET /css/footer.css [36m304[0m 1.427 ms - -[0m
[0mGET /css/chat_box.css [36m304[0m 1.893 ms - -[0m
[0mGET /css/home.css [36m304[0m 2.683 ms - -[0m
[0mGET /js/toggle_likes.js [36m304[0m 2.158 ms - -[0m
[0mGET /js/home_posts.js [36m304[0m 2.533 ms - -[0m
[0mGET /js/chat_engine.js [36m304[0m 2.581 ms - -[0m
[0mGET /users/sign-out [36m302[0m 8.818 ms - 46[0m
[0mGET / [32m200[0m 19.804 ms - 3547[0m
[0mGET /css/layout.css [36m304[0m 0.534 ms - -[0m
[0mGET /css/header.css [36m304[0m 2.888 ms - -[0m
[0mGET /css/footer.css [36m304[0m 2.792 ms - -[0m
[0mGET /css/home.css [36m304[0m 2.578 ms - -[0m
[0mGET /css/chat_box.css [36m304[0m 2.374 ms - -[0m
[0mGET /js/home_posts.js [36m304[0m 1.860 ms - -[0m
[0mGET /js/toggle_likes.js [36m304[0m 2.045 ms - -[0m
[0mGET /js/chat_engine.js [36m304[0m 1.074 ms - -[0m
[0mGET /users/sign-in [36m304[0m 5.296 ms - -[0m
[0mGET /users/css/layout.css [33m404[0m 2.576 ms - 159[0m
[0mGET /users/css/header.css [33m404[0m 3.987 ms - 159[0m
[0mGET /users/css/footer.css [33m404[0m 4.273 ms - 159[0m
[0mGET / [32m200[0m 14.417 ms - 3279[0m
[0mGET /css/layout.css [36m304[0m 0.489 ms - -[0m
[0mGET /css/header.css [36m304[0m 1.505 ms - -[0m
[0mGET /css/footer.css [36m304[0m 2.332 ms - -[0m
[0mGET /css/home.css [36m304[0m 2.073 ms - -[0m
[0mGET /css/chat_box.css [36m304[0m 2.155 ms - -[0m
[0mGET /js/chat_engine.js [36m304[0m 1.630 ms - -[0m
[0mGET /js/home_posts.js [36m304[0m 1.173 ms - -[0m
[0mGET /js/toggle_likes.js [36m304[0m 1.323 ms - -[0m
[0mGET /css/layout.css [36m304[0m 2.112 ms - -[0m
[0mGET /css/header.css [36m304[0m 1.919 ms - -[0m
[0mGET /css/footer.css [36m304[0m 1.881 ms - -[0m
[0mGET /css/home.css [36m304[0m 1.617 ms - -[0m
[0mGET /css/chat_box.css [36m304[0m 1.620 ms - -[0m
[0mGET /users/sign-in [36m304[0m 11.463 ms - -[0m
[0mGET /users/css/layout.css [33m404[0m 2.451 ms - 159[0m
[0mGET /users/css/header.css [33m404[0m 5.285 ms - 159[0m
[0mGET /users/css/footer.css [33m404[0m 5.937 ms - 159[0m
[0mGET /users/sign-in [36m304[0m 29.103 ms - -[0m
[0mGET /users/css/layout.css [33m404[0m 7.817 ms - 159[0m
[0mGET /users/css/header.css [33m404[0m 17.844 ms - 159[0m
[0mGET /users/css/footer.css [33m404[0m 17.243 ms - 159[0m
[0mGET /users/sign-in [36m304[0m 6.212 ms - -[0m
[0mGET /users/css/layout.css [33m404[0m 2.462 ms - 159[0m
[0mGET /users/css/header.css [33m404[0m 5.223 ms - 159[0m
[0mGET /users/css/footer.css [33m404[0m 6.197 ms - 159[0m
[0mGET /users/css/layout.css [33m404[0m 3.202 ms - 159[0m
[0mGET /users/sign-in [36m304[0m 31.072 ms - -[0m
[0mGET /users/css/layout.css [33m404[0m 6.426 ms - 159[0m
[0mGET /users/css/header.css [33m404[0m 8.504 ms - 159[0m
[0mGET /users/css/footer.css [33m404[0m 11.356 ms - 159[0m
[0mGET / [36m304[0m 61.961 ms - -[0m
[0mGET /css/header.css [36m304[0m 4.396 ms - -[0m
[0mGET /css/layout.css [36m304[0m 3.544 ms - -[0m
[0mGET /css/footer.css [36m304[0m 4.144 ms - -[0m
[0mGET /css/home.css [36m304[0m 4.251 ms - -[0m
[0mGET /css/chat_box.css [36m304[0m 4.327 ms - -[0m
[0mGET /js/home_posts.js [36m304[0m 5.174 ms - -[0m
[0mGET /js/toggle_likes.js [36m304[0m 1.869 ms - -[0m
[0mGET /js/chat_engine.js [32m200[0m 2.579 ms - 1719[0m
[0mGET /users/sign-in [36m304[0m 6.143 ms - -[0m
[0mGET /users/css/layout.css [33m404[0m 7.930 ms - 159[0m
[0mGET /users/css/header.css [33m404[0m 18.974 ms - 159[0m
[0mGET /users/css/footer.css [33m404[0m 16.816 ms - 159[0m
[0mPOST /users/create-session [36m302[0m 41.135 ms - 46[0m
[0mGET / [32m200[0m 17.004 ms - 4393[0m
[0mGET /css/layout.css [36m304[0m 1.095 ms - -[0m
[0mGET /css/footer.css [36m304[0m 1.137 ms - -[0m
[0mGET /css/header.css [36m304[0m 3.904 ms - -[0m
[0mGET /css/home.css [36m304[0m 5.438 ms - -[0m
[0mGET /js/chat_engine.js [36m304[0m 2.534 ms - -[0m
[0mGET /css/chat_box.css [36m304[0m 2.459 ms - -[0m
[0mGET /js/home_posts.js [36m304[0m 2.628 ms - -[0m
[0mGET /js/toggle_likes.js [36m304[0m 2.626 ms - -[0m
[0mGET /css/layout.css [36m304[0m 3.404 ms - -[0m
[0mGET /css/header.css [36m304[0m 5.574 ms - -[0m
[0mGET /css/footer.css [36m304[0m 0.705 ms - -[0m
[0mGET /css/home.css [36m304[0m 3.894 ms - -[0m
[0mGET /css/chat_box.css [36m304[0m 3.947 ms - -[0m
[0mGET /js/home_posts.js [36m304[0m 4.437 ms - -[0m
[0mGET /js/toggle_likes.js [36m304[0m 5.120 ms - -[0m
[0mGET /js/chat_engine.js [36m304[0m 2.326 ms - -[0m
[0mGET / [32m200[0m 51.144 ms - 3279[0m
[0mGET /users/sign-in [36m304[0m 10.164 ms - -[0m
[0mGET /users/css/layout.css [33m404[0m 5.712 ms - 159[0m
[0mGET /users/css/header.css [33m404[0m 10.045 ms - 159[0m
[0mGET /users/css/footer.css [33m404[0m 8.649 ms - 159[0m
[0mPOST /users/create-session [36m302[0m 38.785 ms - 46[0m
[0mGET / [32m200[0m 17.609 ms - 4393[0m
[0mGET /css/layout.css [36m304[0m 1.297 ms - -[0m
[0mGET /css/header.css [36m304[0m 3.029 ms - -[0m
[0mGET /css/footer.css [36m304[0m 4.436 ms - -[0m
[0mGET /css/home.css [36m304[0m 4.076 ms - -[0m
[0mGET /css/chat_box.css [36m304[0m 3.841 ms - -[0m
[0mGET /js/home_posts.js [36m304[0m 3.373 ms - -[0m
[0mGET /js/toggle_likes.js [36m304[0m 2.567 ms - -[0m
[0mGET /js/chat_engine.js [36m304[0m 2.812 ms - -[0m
[0mPOST /posts/create [32m200[0m 56.426 ms - 329[0m
[0mPOST /likes/toggle/?id=64ed67ac52b1abe1d9c9d752%3E&type=Post [31m500[0m 18.227 ms - 35[0m
[0mPOST /likes/toggle/?id=64ed67ac52b1abe1d9c9d752%3E&type=Post [31m500[0m 9.695 ms - 35[0m
[0mPOST /likes/toggle/?id=64ed67ac52b1abe1d9c9d752%3E&type=Post [31m500[0m 10.790 ms - 35[0m
[0mPOST /likes/toggle/?id=64ed67ac52b1abe1d9c9d752%3E&type=Post [31m500[0m 9.500 ms - 35[0m
[0mPOST /likes/toggle/?id=64ed67ac52b1abe1d9c9d752%3E&type=Post [31m500[0m 8.500 ms - 35[0m
[0mPOST /likes/toggle/?id=64ed67ac52b1abe1d9c9d752%3E&type=Post [31m500[0m 7.017 ms - 35[0m
[0mPOST /comments/create [32m200[0m 25.664 ms - 337[0m
[0mGET /users/sign-out [36m302[0m 8.751 ms - 46[0m
[0mGET / [32m200[0m 25.195 ms - 4340[0m
[0mGET /css/layout.css [36m304[0m 0.516 ms - -[0m
[0mGET /css/header.css [36m304[0m 1.469 ms - -[0m
[0mGET /css/footer.css [36m304[0m 2.862 ms - -[0m
[0mGET /css/home.css [36m304[0m 3.280 ms - -[0m
[0mGET /css/chat_box.css [36m304[0m 3.366 ms - -[0m
[0mGET /js/home_posts.js [36m304[0m 2.684 ms - -[0m
[0mGET /js/toggle_likes.js [36m304[0m 2.500 ms - -[0m
[0mGET /js/chat_engine.js [36m304[0m 1.514 ms - -[0m
[0mGET /users/sign-in [36m304[0m 5.090 ms - -[0m
[0mGET /users/css/layout.css [33m404[0m 4.684 ms - 159[0m
[0mGET /users/css/header.css [33m404[0m 5.744 ms - 159[0m
[0mGET /users/css/footer.css [33m404[0m 4.090 ms - 159[0m
[0mGET /users/sign-up [36m304[0m 6.074 ms - -[0m
[0mGET /users/css/layout.css [33m404[0m 2.530 ms - 159[0m
[0mGET /users/css/header.css [33m404[0m 4.424 ms - 159[0m
[0mGET /users/css/footer.css [33m404[0m 5.822 ms - 159[0m
[0mPOST /users/create [36m302[0m 9.021 ms - 72[0m
[0mGET /users/sign-in [36m304[0m 7.652 ms - -[0m
[0mGET /users/css/layout.css [33m404[0m 3.026 ms - 159[0m
[0mGET /users/css/header.css [33m404[0m 3.480 ms - 159[0m
[0mGET /users/css/footer.css [33m404[0m 4.913 ms - 159[0m
[0mPOST /users/create-session [36m302[0m 7.484 ms - 46[0m
[0mGET / [32m200[0m 25.195 ms - 6129[0m
[0mGET /css/layout.css [36m304[0m 0.595 ms - -[0m
[0mGET /css/header.css [36m304[0m 0.913 ms - -[0m
[0mGET /css/footer.css [36m304[0m 1.122 ms - -[0m
[0mGET /css/chat_box.css [36m304[0m 2.224 ms - -[0m
[0mGET /js/chat_engine.js [36m304[0m 1.898 ms - -[0m
[0mGET /css/home.css [36m304[0m 1.654 ms - -[0m
[0mGET /js/home_posts.js [36m304[0m 1.583 ms - -[0m
[0mGET /js/toggle_likes.js [36m304[0m 1.623 ms - -[0m
[0mPOST /posts/create [32m200[0m 18.898 ms - 301[0m
[0mPOST /likes/toggle/?id=64ed67e052b1abe1d9c9d772%3E&type=Post [31m500[0m 7.431 ms - 35[0m
[0mPOST /likes/toggle/?id=64ed67e052b1abe1d9c9d772%3E&type=Post [31m500[0m 8.015 ms - 35[0m
[0mPOST /likes/toggle/?id=64ed67ba52b1abe1d9c9d75e&type=Comment [32m200[0m 14.034 ms - 58[0m
[0mPOST /likes/toggle/?id=64ed67ac52b1abe1d9c9d752&type=Post [32m200[0m 14.277 ms - 58[0m
[0mPOST /likes/toggle/?id=64ed67ac52b1abe1d9c9d752&type=Post [32m200[0m 19.263 ms - 57[0m
[0mPOST /likes/toggle/?id=64ed67ac52b1abe1d9c9d752&type=Post [32m200[0m 16.055 ms - 58[0m
[0mPOST /likes/toggle/?id=64ed67ac52b1abe1d9c9d752&type=Post [32m200[0m 12.896 ms - 57[0m
[0mPOST /likes/toggle/?id=64ed67ba52b1abe1d9c9d75e&type=Comment [32m200[0m 14.459 ms - 57[0m
[0mPOST /likes/toggle/?id=64ed67ba52b1abe1d9c9d75e&type=Comment [32m200[0m 12.798 ms - 58[0m
[0mPOST /likes/toggle/?id=64ed67ac52b1abe1d9c9d752&type=Post [32m200[0m 13.215 ms - 58[0m
[0mPOST /likes/toggle/?id=64ed67ac52b1abe1d9c9d752&type=Post [32m200[0m 12.026 ms - 57[0m
[0mPOST /likes/toggle/?id=64ed67ba52b1abe1d9c9d75e&type=Comment [32m200[0m 10.327 ms - 57[0m
[0mPOST /likes/toggle/?id=64ed67ba52b1abe1d9c9d75e&type=Comment [32m200[0m 12.631 ms - 58[0m
[0mPOST /likes/toggle/?id=64ed67ac52b1abe1d9c9d752&type=Post [32m200[0m 11.193 ms - 58[0m
[0mPOST /likes/toggle/?id=64ed67ac52b1abe1d9c9d752&type=Post [32m200[0m 12.960 ms - 57[0m
[0mPOST /likes/toggle/?id=64ed67ba52b1abe1d9c9d75e&type=Comment [32m200[0m 11.307 ms - 57[0m
[0mPOST /likes/toggle/?id=64ed67e052b1abe1d9c9d772%3E&type=Post [31m500[0m 6.841 ms - 35[0m
[0mGET / [32m200[0m 13.208 ms - 7182[0m
[0mGET /css/layout.css [36m304[0m 0.529 ms - -[0m
[0mGET /css/header.css [36m304[0m 1.863 ms - -[0m
[0mGET /css/footer.css [36m304[0m 1.301 ms - -[0m
[0mGET /css/home.css [36m304[0m 1.349 ms - -[0m
[0mGET /css/chat_box.css [36m304[0m 1.318 ms - -[0m
[0mGET /js/home_posts.js [36m304[0m 1.709 ms - -[0m
[0mGET /js/toggle_likes.js [36m304[0m 2.056 ms - -[0m
[0mGET /js/chat_engine.js [36m304[0m 0.786 ms - -[0m
[0mPOST /likes/toggle/?id=64ed67e052b1abe1d9c9d772&type=Post [32m200[0m 16.120 ms - 58[0m
[0mPOST /likes/toggle/?id=64ed67e052b1abe1d9c9d772&type=Post [32m200[0m 11.944 ms - 57[0m
[0mGET /users/sign-out [36m302[0m 6.874 ms - 46[0m
[0mGET / [32m200[0m 10.729 ms - 4950[0m
[0mGET /css/layout.css [36m304[0m 0.421 ms - -[0m
[0mGET /css/header.css [36m304[0m 1.800 ms - -[0m
[0mGET /css/footer.css [36m304[0m 1.342 ms - -[0m
[0mGET /css/home.css [36m304[0m 1.714 ms - -[0m
[0mGET /js/home_posts.js [36m304[0m 1.226 ms - -[0m
[0mGET /css/chat_box.css [36m304[0m 2.026 ms - -[0m
[0mGET /js/toggle_likes.js [36m304[0m 1.262 ms - -[0m
[0mGET /js/chat_engine.js [36m304[0m 1.020 ms - -[0m
[0mGET /users/sign-in [36m304[0m 4.986 ms - -[0m
[0mGET /users/css/layout.css [33m404[0m 3.115 ms - 159[0m
[0mGET /users/css/header.css [33m404[0m 3.902 ms - 159[0m
[0mGET /users/css/footer.css [33m404[0m 16.087 ms - 159[0m
[0mPOST /users/create-session [36m302[0m 39.024 ms - 46[0m
[0mGET / [32m200[0m 78.690 ms - 7303[0m
[0mGET /css/layout.css [36m304[0m 0.619 ms - -[0m
[0mGET /css/header.css [36m304[0m 1.188 ms - -[0m
[0mGET /css/footer.css [36m304[0m 1.133 ms - -[0m
[0mGET /css/home.css [36m304[0m 1.881 ms - -[0m
[0mGET /js/chat_engine.js [36m304[0m 1.662 ms - -[0m
[0mGET /css/chat_box.css [36m304[0m 1.804 ms - -[0m
[0mGET /js/home_posts.js [36m304[0m 1.965 ms - -[0m
[0mGET /js/toggle_likes.js [36m304[0m 2.049 ms - -[0m
[0mPOST /posts/create [32m200[0m 19.248 ms - 308[0m
[0mGET /api/v1/posts [32m200[0m 27.208 ms - 1611[0m
[0mGET /api/v1/posts [36m304[0m 48.175 ms - -[0m
[0mGET /api/v1/posts [36m304[0m 8.042 ms - -[0m
[0mGET /api/v1/posts [36m304[0m 29.347 ms - -[0m
[0mGET /api/v1/posts [36m304[0m 19.385 ms - -[0m
[0mGET /api/v1/posts [36m304[0m 6.245 ms - -[0m
[0mGET /api/v1/posts [36m304[0m 5.048 ms - -[0m
[0mGET /api/v1/posts [36m304[0m 13.920 ms - -[0m
[0mGET /api/v1/posts [36m304[0m 9.112 ms - -[0m
[0mGET /api/v1/posts [36m304[0m 20.974 ms - -[0m
[0mGET /api/v1/posts [36m304[0m 10.385 ms - -[0m
[0mGET /api/v1/posts [36m304[0m 7.998 ms - -[0m
[0mGET /api/v1/posts [36m304[0m 9.431 ms - -[0m
[0mGET /api/v1/posts [36m304[0m 4.035 ms - -[0m
[0mGET /api/v1/posts [36m304[0m 25.736 ms - -[0m
[0mGET /api/v1/posts [36m304[0m 20.912 ms - -[0m
[0mGET /api/v1/posts [36m304[0m 13.083 ms - -[0m
[0mGET /api/v1/posts [36m304[0m 20.146 ms - -[0m
[0mGET /api/v1/posts [36m304[0m 11.725 ms - -[0m
[0mGET /api/v1/posts [36m304[0m 10.348 ms - -[0m
[0mGET /api/v1/posts [36m304[0m 31.416 ms - -[0m
[0mGET /api/v1/posts [36m304[0m 14.435 ms - -[0m
[0mGET /api/v1/posts [36m304[0m 30.556 ms - -[0m
[0mGET /api/v1/posts [36m304[0m 17.675 ms - -[0m
[0mGET /api/v1/posts [36m304[0m 13.063 ms - -[0m
[0mGET /api/v1/posts [36m304[0m 31.445 ms - -[0m
[0mGET /api/v1/posts [36m304[0m 4.142 ms - -[0m
[0mGET /api/v1/posts [36m304[0m 10.715 ms - -[0m
[0mGET /api/v1/posts [36m304[0m 7.360 ms - -[0m
[0mGET /api/v1/posts [36m304[0m 5.254 ms - -[0m
[0mGET /api/v1/posts [36m304[0m 6.947 ms - -[0m
[0mGET /api/v1/posts [36m304[0m 12.033 ms - -[0m
[0mGET /api/v1/posts [36m304[0m 58.316 ms - -[0m
[0mGET /api/v1/posts [36m304[0m 12.309 ms - -[0m
[0mGET /api/v1/posts [36m304[0m 8.315 ms - -[0m
[0mGET /api/v1/posts [36m304[0m 46.322 ms - -[0m
[0mGET /api/v1/posts [36m304[0m 24.253 ms - -[0m
[0mGET /api/v1/posts [36m304[0m 26.701 ms - -[0m
[0mGET /api/v1/posts [36m304[0m 5.772 ms - -[0m
[0mGET /api/v1/posts [36m304[0m 12.020 ms - -[0m
[0mGET /api/v1/posts [36m304[0m 15.848 ms - -[0m
[0mGET /api/v1/posts [36m304[0m 20.227 ms - -[0m
[0mGET /api/v1/posts [36m304[0m 14.881 ms - -[0m
[0mGET /api/v1/posts [36m304[0m 6.064 ms - -[0m
[0mGET /api/v1/posts [36m304[0m 3.311 ms - -[0m
[0mGET /api/v1/posts [36m304[0m 7.851 ms - -[0m
[0mGET /api/v1/posts [36m304[0m 11.576 ms - -[0m
[0mGET /api/v1/posts [36m304[0m 4.620 ms - -[0m
[0mGET /api/v1/posts [36m304[0m 80.480 ms - -[0m
[0mGET /api/v1/posts [36m304[0m 53.862 ms - -[0m
[0mGET /api/v1/posts [36m304[0m 6.256 ms - -[0m
[0mGET /api/v1/posts [36m304[0m 9.865 ms - -[0m
[0mGET /api/v1/posts [36m304[0m 17.003 ms - -[0m
[0mGET / [32m200[0m 97.762 ms - 5201[0m
[0mGET /css/header.css [36m304[0m 4.988 ms - -[0m
[0mGET /css/footer.css [36m304[0m 1.451 ms - -[0m
[0mGET /css/home.css [36m304[0m 1.327 ms - -[0m
[0mGET /css/chat_box.css [36m304[0m 5.300 ms - -[0m
[0mGET /js/toggle_likes.js [36m304[0m 5.639 ms - -[0m
[0mGET /css/layout-ad7fced993.css [33m404[0m 11.935 ms - 164[0m
[0mGET /js/home_posts.js [36m304[0m 2.275 ms - -[0m
[0mGET /js/chat_engine.js [36m304[0m 1.970 ms - -[0m
[0mGET /css/layout-ad7fced993.css [33m404[0m 1.980 ms - 164[0m
[0mGET / [36m304[0m 37.479 ms - -[0m
[0mGET /css/header.css [36m304[0m 1.500 ms - -[0m
[0mGET /css/footer.css [36m304[0m 1.315 ms - -[0m
[0mGET /css/layout-ad7fced993.css [33m404[0m 2.452 ms - 164[0m
[0mGET /css/home.css [36m304[0m 4.901 ms - -[0m
[0mGET /css/chat_box.css [36m304[0m 2.161 ms - -[0m
[0mGET /js/home_posts.js [36m304[0m 1.685 ms - -[0m
[0mGET /js/chat_engine.js [36m304[0m 1.862 ms - -[0m
[0mGET /js/toggle_likes.js [36m304[0m 1.793 ms - -[0m
[0mGET / [36m304[0m 10.557 ms - -[0m
[0mGET /css/header.css [36m304[0m 2.008 ms - -[0m
[0mGET /css/footer.css [36m304[0m 2.182 ms - -[0m
[0mGET /css/chat_box.css [36m304[0m 1.463 ms - -[0m
[0mGET /css/home.css [36m304[0m 1.921 ms - -[0m
[0mGET /js/home_posts.js [36m304[0m 2.223 ms - -[0m
[0mGET /css/layout-ad7fced993.css [33m404[0m 5.162 ms - 164[0m
[0mGET /js/chat_engine.js [36m304[0m 1.095 ms - -[0m
[0mGET /js/toggle_likes.js [36m304[0m 2.676 ms - -[0m
[0mGET / [36m304[0m 41.457 ms - -[0m
[0mGET /css/layout-ad7fced993.css [33m404[0m 2.541 ms - 164[0m
[0mGET /css/footer.css [36m304[0m 0.730 ms - -[0m
[0mGET /css/chat_box.css [36m304[0m 0.764 ms - -[0m
[0mGET /css/home.css [36m304[0m 1.728 ms - -[0m
[0mGET /css/header.css [36m304[0m 0.421 ms - -[0m
[0mGET /js/home_posts.js [36m304[0m 0.398 ms - -[0m
[0mGET /js/toggle_likes.js [36m304[0m 0.683 ms - -[0m
[0mGET /js/chat_engine.js [36m304[0m 0.565 ms - -[0m
[0mGET / [36m304[0m 59.021 ms - -[0m
[0mGET /css/header.css [36m304[0m 2.268 ms - -[0m
[0mGET /css/layout-ad7fced993.css [33m404[0m 6.279 ms - 164[0m
[0mGET /css/footer.css [36m304[0m 3.904 ms - -[0m
[0mGET /css/home.css [36m304[0m 3.222 ms - -[0m
[0mGET /css/chat_box.css [36m304[0m 3.348 ms - -[0m
[0mGET /js/home_posts.js [36m304[0m 3.181 ms - -[0m
[0mGET /js/toggle_likes.js [36m304[0m 3.676 ms - -[0m
[0mGET /js/chat_engine.js [36m304[0m 2.522 ms - -[0m
[0mGET / [36m304[0m 29.093 ms - -[0m
[0mGET /css/home.css [36m304[0m 3.511 ms - -[0m
[0mGET /css/header.css [36m304[0m 4.385 ms - -[0m
[0mGET /css/footer.css [36m304[0m 4.609 ms - -[0m
[0mGET /css/chat_box.css [36m304[0m 5.288 ms - -[0m
[0mGET /js/home_posts.js [36m304[0m 6.417 ms - -[0m
[0mGET /css/layout-ad7fced993.css [33m404[0m 5.042 ms - 164[0m
[0mGET /js/toggle_likes.js [36m304[0m 2.104 ms - -[0m
[0mGET /js/chat_engine.js [36m304[0m 1.149 ms - -[0m
[0mGET / [36m304[0m 31.814 ms - -[0m
[0mGET /css/header.css [36m304[0m 1.230 ms - -[0m
[0mGET /css/footer.css [36m304[0m 1.301 ms - -[0m
[0mGET /css/layout-ad7fced993.css [33m404[0m 1.773 ms - 164[0m
[0mGET /css/home.css [36m304[0m 1.589 ms - -[0m
[0mGET /css/chat_box.css [36m304[0m 1.685 ms - -[0m
[0mGET /js/home_posts.js [36m304[0m 1.661 ms - -[0m
[0mGET /js/toggle_likes.js [36m304[0m 0.405 ms - -[0m
[0mGET /js/chat_engine.js [36m304[0m 0.439 ms - -[0m
[0mGET /users/sign-in [32m200[0m 6.231 ms - 2447[0m
[0mGET /users/css/layout-ad7fced993.css [33m404[0m 3.018 ms - 170[0m
[0mGET /users/css/header.css [33m404[0m 15.589 ms - 159[0m
[0mGET /users/css/footer.css [33m404[0m 15.369 ms - 159[0m
[0mGET /css/header.css [36m304[0m 5.050 ms - -[0m
[0mGET /css/footer.css [36m304[0m 8.902 ms - -[0m
[0mGET /css/home.css [36m304[0m 9.427 ms - -[0m
[0mGET /css/chat_box.css [36m304[0m 9.591 ms - -[0m
[0mGET /css/layout-ad7fced993.css [33m404[0m 14.189 ms - 164[0m
[0mGET / [36m304[0m 26.866 ms - -[0m
[0mGET /css/header.css [36m304[0m 4.358 ms - -[0m
[0mGET /css/footer.css [36m304[0m 4.743 ms - -[0m
[0mGET /css/chat_box.css [36m304[0m 5.233 ms - -[0m
[0mGET /css/home.css [36m304[0m 5.734 ms - -[0m
[0mGET /css/layout-ad7fced993.css [33m404[0m 8.555 ms - 164[0m
[0mGET /js/home_posts.js [36m304[0m 1.237 ms - -[0m
[0mGET /js/toggle_likes.js [36m304[0m 1.280 ms - -[0m
[0mGET /js/chat_engine.js [36m304[0m 1.149 ms - -[0m
[0mGET / [32m200[0m 81.489 ms - 5176[0m
[0mGET /css/header.css [36m304[0m 2.128 ms - -[0m
[0mGET /css/footer.css [36m304[0m 2.774 ms - -[0m
[0mGET /css/home.css [36m304[0m 2.857 ms - -[0m
[0mGET /css/chat_box.css [36m304[0m 2.487 ms - -[0m
[0mGET /js/home_posts.js [36m304[0m 1.315 ms - -[0m
[0mGET /js/toggle_likes.js [36m304[0m 1.301 ms - -[0m
[0mGET /js/chat_engine.js [36m304[0m 1.670 ms - -[0m
[0mGET / [36m304[0m 23.168 ms - -[0m
[0mGET /css/header.css [36m304[0m 2.475 ms - -[0m
[0mGET /css/footer.css [36m304[0m 2.547 ms - -[0m
[0mGET /css/home.css [36m304[0m 2.630 ms - -[0m
[0mGET /css/chat_box.css [36m304[0m 2.864 ms - -[0m
[0mGET /js/home_posts.js [36m304[0m 2.727 ms - -[0m
[0mGET /js/toggle_likes.js [36m304[0m 3.042 ms - -[0m
[0mGET /js/chat_engine.js [36m304[0m 3.268 ms - -[0m
[0mGET / [36m304[0m 43.895 ms - -[0m
[0mGET /css/header.css [36m304[0m 0.963 ms - -[0m
[0mGET /css/footer.css [36m304[0m 2.496 ms - -[0m
[0mGET /css/home.css [36m304[0m 3.089 ms - -[0m
[0mGET /css/chat_box.css [36m304[0m 1.886 ms - -[0m
[0mGET /js/home_posts.js [36m304[0m 2.023 ms - -[0m
[0mGET /js/toggle_likes.js [36m304[0m 2.307 ms - -[0m
[0mGET /js/chat_engine.js [36m304[0m 2.429 ms - -[0m
[0mGET / [36m304[0m 20.666 ms - -[0m
[0mGET /css/header.css [36m304[0m 2.194 ms - -[0m
[0mGET /css/footer.css [36m304[0m 2.420 ms - -[0m
[0mGET /css/home.css [36m304[0m 2.518 ms - -[0m
[0mGET /css/chat_box.css [36m304[0m 2.550 ms - -[0m
[0mGET /js/home_posts.js [36m304[0m 1.250 ms - -[0m
[0mGET /js/toggle_likes.js [36m304[0m 1.688 ms - -[0m
[0mGET /js/chat_engine.js [36m304[0m 1.900 ms - -[0m
[0mGET / [36m304[0m 18.865 ms - -[0m
[0mGET /css/header.css [36m304[0m 0.490 ms - -[0m
[0mGET /css/footer.css [36m304[0m 1.486 ms - -[0m
[0mGET /css/home.css [36m304[0m 3.035 ms - -[0m
[0mGET /css/chat_box.css [36m304[0m 2.188 ms - -[0m
[0mGET /js/home_posts.js [36m304[0m 2.228 ms - -[0m
[0mGET /js/toggle_likes.js [36m304[0m 2.493 ms - -[0m
[0mGET /js/chat_engine.js [36m304[0m 2.598 ms - -[0m
[0mGET / [36m304[0m 19.442 ms - -[0m
[0mGET /css/header.css [36m304[0m 1.189 ms - -[0m
[0mGET /css/footer.css [36m304[0m 1.163 ms - -[0m
[0mGET /css/chat_box.css [36m304[0m 0.991 ms - -[0m
[0mGET /css/home.css [36m304[0m 1.046 ms - -[0m
[0mGET /js/home_posts.js [36m304[0m 1.006 ms - -[0m
[0mGET /js/toggle_likes.js [36m304[0m 0.609 ms - -[0m
[0mGET /js/chat_engine.js [36m304[0m 0.550 ms - -[0m
[0mGET / [36m304[0m 14.722 ms - -[0m
[0mGET /css/header.css [36m304[0m 1.107 ms - -[0m
[0mGET /css/footer.css [36m304[0m 1.518 ms - -[0m
[0mGET /css/home.css [36m304[0m 1.608 ms - -[0m
[0mGET /css/chat_box.css [36m304[0m 1.370 ms - -[0m
[0mGET /js/home_posts.js [36m304[0m 0.527 ms - -[0m
[0mGET /js/toggle_likes.js [36m304[0m 0.754 ms - -[0m
[0mGET /js/chat_engine.js [36m304[0m 0.812 ms - -[0m
[0mGET / [36m304[0m 19.351 ms - -[0m
[0mGET /css/header.css [36m304[0m 0.524 ms - -[0m
[0mGET /css/footer.css [36m304[0m 0.987 ms - -[0m
[0mGET /css/home.css [36m304[0m 1.027 ms - -[0m
[0mGET /css/chat_box.css [36m304[0m 1.018 ms - -[0m
[0mGET /js/home_posts.js [36m304[0m 1.243 ms - -[0m
[0mGET /js/toggle_likes.js [36m304[0m 1.339 ms - -[0m
[0mGET /js/chat_engine.js [36m304[0m 1.424 ms - -[0m
[0mGET / [32m200[0m 75.663 ms - 5162[0m
[0mGET /css/footer.css [36m304[0m 1.953 ms - -[0m
[0mGET /css/home.css [36m304[0m 0.943 ms - -[0m
[0mGET /css/chat_box.css [36m304[0m 1.449 ms - -[0m
[0mGET /js/home_posts.js [36m304[0m 1.623 ms - -[0m
[0mGET /js/toggle_likes.js [36m304[0m 1.508 ms - -[0m
[0mGET /js/chat_engine.js [36m304[0m 1.598 ms - -[0m
[0mGET / [32m200[0m 75.175 ms - 5187[0m
[0mGET /css/header-6214fb5e0a.css [33m404[0m 6.501 ms - 164[0m
[0mGET /css/footer.css [36m304[0m 4.282 ms - -[0m
[0mGET /css/home.css [36m304[0m 3.541 ms - -[0m
[0mGET /js/toggle_likes.js [36m304[0m 3.697 ms - -[0m
[0mGET /js/chat_engine.js [36m304[0m 4.080 ms - -[0m
[0mGET /js/home_posts.js [36m304[0m 3.291 ms - -[0m
[0mGET /css/chat_box.css [36m304[0m 3.297 ms - -[0m
[0mGET / [36m304[0m 27.054 ms - -[0m
[0mGET /css/header-6214fb5e0a.css [33m404[0m 3.856 ms - 164[0m
[0mGET /css/footer.css [36m304[0m 6.530 ms - -[0m
[0mGET /css/chat_box.css [36m304[0m 7.562 ms - -[0m
[0mGET /css/home.css [36m304[0m 8.384 ms - -[0m
[0mGET /js/home_posts.js [36m304[0m 9.286 ms - -[0m
[0mGET /js/toggle_likes.js [36m304[0m 10.249 ms - -[0m
[0mGET /js/chat_engine.js [36m304[0m 1.135 ms - -[0m
[0mGET / [32m200[0m 66.539 ms - 5212[0m
[0mGET /css/footer.css [36m304[0m 3.209 ms - -[0m
[0mGET /css/home.css [36m304[0m 3.715 ms - -[0m
[0mGET /css/chat_box.css [36m304[0m 5.267 ms - -[0m
[0mGET /js/home_posts.js [36m304[0m 5.124 ms - -[0m
[0mGET /css/layout-ad7fced993.css [33m404[0m 13.121 ms - 164[0m
[0mGET /js/toggle_likes.js [36m304[0m 1.705 ms - -[0m
[0mGET /js/chat_engine.js [36m304[0m 1.777 ms - -[0m
[0mGET /css/header-6214fb5e0a.css [33m404[0m 16.062 ms - 164[0m
[0mGET /css/home.css [36m304[0m 1.817 ms - -[0m
[0mGET /css/layout.css [36m304[0m 4.130 ms - -[0m
[0mGET /css/header.css [36m304[0m 1.672 ms - -[0m
[0mGET /css/footer.css [36m304[0m 1.896 ms - -[0m
[0mGET /css/chat_box.css [36m304[0m 2.804 ms - -[0m
[0mGET /js/home_posts.js [36m304[0m 3.598 ms - -[0m
[0mGET /js/toggle_likes.js [36m304[0m 1.550 ms - -[0m
[0mGET /js/chat_engine.js [36m304[0m 1.359 ms - -[0m
[0mGET / [32m200[0m 105.957 ms - 5190[0m
[0mGET / [32m200[0m 69.396 ms - 5212[0m
[0mGET /css/footer.css [36m304[0m 5.889 ms - -[0m
[0mGET /css/layout-ad7fced993.css [33m404[0m 9.296 ms - 164[0m
[0mGET /css/chat_box.css [36m304[0m 2.735 ms - -[0m
[0mGET /css/home.css [36m304[0m 3.523 ms - -[0m
[0mGET /js/toggle_likes.js [36m304[0m 2.507 ms - -[0m
[0mGET /js/chat_engine.js [36m304[0m 4.961 ms - -[0m
[0mGET /js/home_posts.js [36m304[0m 4.411 ms - -[0m
[0mGET /css/header-6214fb5e0a.css [33m404[0m 19.272 ms - 164[0m
[0mGET /css/layout-ad7fced993.css [33m404[0m 2.307 ms - 164[0m
[0mGET /css/header-6214fb5e0a.css [33m404[0m 2.874 ms - 164[0m
[0mGET / [36m304[0m 28.197 ms - -[0m
[0mGET /css/home.css [36m304[0m 2.657 ms - -[0m
[0mGET /css/layout-ad7fced993.css [33m404[0m 6.109 ms - 164[0m
[0mGET /css/footer.css [36m304[0m 5.775 ms - -[0m
[0mGET /css/header-6214fb5e0a.css [33m404[0m 7.117 ms - 164[0m
[0mGET /css/chat_box.css [36m304[0m 4.547 ms - -[0m
[0mGET /js/chat_engine.js [36m304[0m 3.850 ms - -[0m
[0mGET /js/home_posts.js [36m304[0m 3.529 ms - -[0m
[0mGET /js/toggle_likes.js [36m304[0m 3.399 ms - -[0m
[0mGET /api/v1/posts [36m304[0m 81.456 ms - -[0m
[0mGET /api/v1/posts [36m304[0m 28.597 ms - -[0m
