[0mGET / [36m304[0m 53.052 ms - -[0m
[0mGET /css/footer.css [36m304[0m 3.637 ms - -[0m
[0mGET /css/home.css [36m304[0m 3.906 ms - -[0m
[0mGET /css/chat_box.css [36m304[0m 4.051 ms - -[0m
[0mGET /js/home_posts.js [36m304[0m 4.558 ms - -[0m
[0mGET /css/layout-ad7fced993.css [33m404[0m 11.613 ms - 164[0m
[0mGET /js/chat_engine.js [36m304[0m 3.262 ms - -[0m
[0mGET /js/toggle_likes.js [36m304[0m 1.448 ms - -[0m
[0mGET /css/header-6214fb5e0a.css [33m404[0m 18.697 ms - 164[0m
[0mGET /css/layout-ad7fced993.css [33m404[0m 4.046 ms - 164[0m
[0mGET /css/header-6214fb5e0a.css [33m404[0m 5.192 ms - 164[0m
[0mGET /users/sign-in [32m200[0m 9.503 ms - 3437[0m
[0mGET /users/css/layout-ad7fced993.css [33m404[0m 6.197 ms - 170[0m
[0mGET /users/css/header-6214fb5e0a.css [33m404[0m 10.526 ms - 170[0m
[0mGET /users/css/footer.css [33m404[0m 9.506 ms - 159[0m
[0mGET /users/sign-in [32m200[0m 11.436 ms - 2458[0m
[0mGET /users/css/layout-ad7fced993.css [33m404[0m 5.461 ms - 170[0m
[0mGET /users/css/header-6214fb5e0a.css [33m404[0m 7.999 ms - 170[0m
[0mGET /users/css/footer.css [33m404[0m 7.628 ms - 159[0m
[0mGET / [36m304[0m 43.172 ms - -[0m
[0mGET /css/layout-ad7fced993.css [33m404[0m 5.333 ms - 164[0m
[0mGET /css/home.css [36m304[0m 5.535 ms - -[0m
[0mGET /css/footer.css [36m304[0m 5.578 ms - -[0m
[0mGET /css/header-6214fb5e0a.css [33m404[0m 6.576 ms - 164[0m
[0mGET /css/chat_box.css [36m304[0m 5.184 ms - -[0m
[0mGET /js/chat_engine.js [36m304[0m 5.335 ms - -[0m
[0mGET /js/home_posts.js [36m304[0m 5.538 ms - -[0m
[0mGET /js/toggle_likes.js [36m304[0m 3.007 ms - -[0m
[0mGET /css/footer.css [36m304[0m 2.436 ms - -[0m
[0mGET /css/home.css [36m304[0m 5.919 ms - -[0m
[0mGET /css/chat_box.css [36m304[0m 2.901 ms - -[0m
[0mGET /js/home_posts.js [36m304[0m 3.123 ms - -[0m
[0mGET /js/toggle_likes.js [36m304[0m 2.945 ms - -[0m
[0mGET /js/chat_engine.js [36m304[0m 3.008 ms - -[0m
[0mGET / [32m200[0m 91.515 ms - 5162[0m
[0mGET / [36m304[0m 30.572 ms - -[0m
[0mGET /css/footer.css [36m304[0m 1.996 ms - -[0m
[0mGET /css/home.css [36m304[0m 2.687 ms - -[0m
[0mGET /css/chat_box.css [36m304[0m 2.784 ms - -[0m
[0mGET /js/home_posts.js [36m304[0m 2.023 ms - -[0m
[0mGET /js/toggle_likes.js [36m304[0m 1.066 ms - -[0m
[0mGET /js/chat_engine.js [36m304[0m 1.501 ms - -[0m
[0mGET / [36m304[0m 26.470 ms - -[0m
[0mGET /css/footer.css [36m304[0m 0.617 ms - -[0m
[0mGET /css/home.css [36m304[0m 1.047 ms - -[0m
[0mGET /css/chat_box.css [36m304[0m 1.389 ms - -[0m
[0mGET /js/home_posts.js [36m304[0m 1.430 ms - -[0m
[0mGET /js/toggle_likes.js [36m304[0m 1.624 ms - -[0m
[0mGET /js/chat_engine.js [36m304[0m 1.437 ms - -[0m
[0mGET / [36m304[0m 28.005 ms - -[0m
[0mGET /css/footer.css [36m304[0m 0.584 ms - -[0m
[0mGET /css/home.css [36m304[0m 1.527 ms - -[0m
[0mGET /css/chat_box.css [36m304[0m 1.634 ms - -[0m
[0mGET /js/home_posts.js [36m304[0m 2.072 ms - -[0m
[0mGET /js/chat_engine.js [36m304[0m 2.122 ms - -[0m
[0mGET /js/toggle_likes.js [36m304[0m 1.092 ms - -[0m
[0mGET / [32m200[0m 34.879 ms - 5212[0m
[0mGET /css/footer.css [36m304[0m 4.512 ms - -[0m
[0mGET /css/home.css [36m304[0m 4.507 ms - -[0m
[0mGET /css/chat_box.css [36m304[0m 4.293 ms - -[0m
[0mGET /js/home_posts.js [36m304[0m 5.154 ms - -[0m
[0mGET /css/layout-ad7fced993.css [33m404[0m 9.136 ms - 164[0m
[0mGET /js/chat_engine.js [36m304[0m 1.734 ms - -[0m
[0mGET /js/toggle_likes.js [36m304[0m 1.739 ms - -[0m
[0mGET /css/header-6214fb5e0a.css [33m404[0m 15.712 ms - 164[0m
[0mGET / [36m304[0m 18.989 ms - -[0m
[0mGET /css/footer.css [36m304[0m 4.257 ms - -[0m
[0mGET /css/layout-ad7fced993.css [33m404[0m 5.104 ms - 164[0m
[0mGET /css/home.css [36m304[0m 5.504 ms - -[0m
[0mGET /css/chat_box.css [36m304[0m 5.465 ms - -[0m
[0mGET /css/header-6214fb5e0a.css [33m404[0m 9.051 ms - 164[0m
[0mGET /js/chat_engine.js [36m304[0m 2.880 ms - -[0m
[0mGET /js/toggle_likes.js [36m304[0m 2.758 ms - -[0m
[0mGET /js/home_posts.js [36m304[0m 1.258 ms - -[0m
[0mGET / [36m304[0m 67.868 ms - -[0m
[0mGET /css/layout-ad7fced993.css [33m404[0m 6.117 ms - 164[0m
[0mGET /css/footer.css [36m304[0m 3.509 ms - -[0m
[0mGET /css/home.css [36m304[0m 3.492 ms - -[0m
[0mGET /js/home_posts.js [36m304[0m 3.720 ms - -[0m
[0mGET /css/chat_box.css [36m304[0m 4.081 ms - -[0m
[0mGET /js/toggle_likes.js [36m304[0m 3.848 ms - -[0m
[0mGET /js/chat_engine.js [36m304[0m 0.977 ms - -[0m
[0mGET /css/header-6214fb5e0a.css [33m404[0m 19.909 ms - 164[0m
[0mGET / [36m304[0m 22.969 ms - -[0m
[0mGET /css/footer.css [36m304[0m 4.604 ms - -[0m
[0mGET /css/home.css [36m304[0m 5.465 ms - -[0m
[0mGET /css/chat_box.css [36m304[0m 6.034 ms - -[0m
[0mGET /css/layout-ad7fced993.css [33m404[0m 4.611 ms - 164[0m
[0mGET /js/toggle_likes.js [36m304[0m 2.941 ms - -[0m
[0mGET /js/chat_engine.js [36m304[0m 3.455 ms - -[0m
[0mGET /css/header-6214fb5e0a.css [33m404[0m 10.918 ms - 164[0m
[0mGET /js/home_posts.js [36m304[0m 4.832 ms - -[0m
[0mGET / [36m304[0m 21.756 ms - -[0m
[0mGET /css/footer.css [36m304[0m 3.997 ms - -[0m
[0mGET /css/home.css [36m304[0m 4.088 ms - -[0m
[0mGET /css/chat_box.css [36m304[0m 4.102 ms - -[0m
[0mGET /css/layout-ad7fced993.css [33m404[0m 6.063 ms - 164[0m
[0mGET /css/header-6214fb5e0a.css [33m404[0m 9.302 ms - 164[0m
[0mGET /js/home_posts.js [36m304[0m 4.374 ms - -[0m
[0mGET /js/chat_engine.js [36m304[0m 2.146 ms - -[0m
[0mGET /js/toggle_likes.js [36m304[0m 0.876 ms - -[0m
[0mGET / [32m200[0m 62.885 ms - 5214[0m
[0mGET /css/home.css [36m304[0m 3.384 ms - -[0m
[0mGET /css/chat_box.css [36m304[0m 3.357 ms - -[0m
[0mGET /css/footer.css [36m304[0m 3.468 ms - -[0m
[0mGET /css/layout-ad7fced993.css [33m404[0m 9.806 ms - 164[0m
[0mGET /js/home_posts.js [36m304[0m 4.859 ms - -[0m
[0mGET /js/chat_engine.js [36m304[0m 1.888 ms - -[0m
[0mGET /js/toggle_likes.js [36m304[0m 1.309 ms - -[0m
[0mGET /css/header-6214fb5e0a.css [33m404[0m 15.104 ms - 164[0m
[0mGET / [36m304[0m 24.361 ms - -[0m
[0mGET /css/layout-ad7fced993.css [33m404[0m 3.309 ms - 164[0m
[0mGET /css/footer.css [36m304[0m 5.344 ms - -[0m
[0mGET /css/home.css [36m304[0m 4.038 ms - -[0m
[0mGET /css/chat_box.css [36m304[0m 4.487 ms - -[0m
[0mGET /js/toggle_likes.js [36m304[0m 4.924 ms - -[0m
[0mGET /js/home_posts.js [36m304[0m 4.968 ms - -[0m
[0mGET /js/chat_engine.js [36m304[0m 1.751 ms - -[0m
[0mGET /css/header-6214fb5e0a.css [33m404[0m 11.768 ms - 164[0m
[0mGET / [36m304[0m 36.098 ms - -[0m
[0mGET /css/layout-ad7fced993.css [33m404[0m 2.613 ms - 164[0m
[0mGET /css/home.css [36m304[0m 4.435 ms - -[0m
[0mGET /css/footer.css [36m304[0m 4.778 ms - -[0m
[0mGET /css/header-6214fb5e0a.css [33m404[0m 8.086 ms - 164[0m
[0mGET /css/chat_box.css [36m304[0m 5.336 ms - -[0m
[0mGET /js/toggle_likes.js [36m304[0m 5.382 ms - -[0m
[0mGET /js/chat_engine.js [36m304[0m 4.802 ms - -[0m
[0mGET /js/home_posts.js [36m304[0m 0.402 ms - -[0m
[0mGET / [36m304[0m 19.796 ms - -[0m
[0mGET /css/layout-ad7fced993.css [33m404[0m 2.640 ms - 164[0m
[0mGET /css/footer.css [36m304[0m 4.186 ms - -[0m
[0mGET /css/home.css [36m304[0m 6.709 ms - -[0m
[0mGET /css/chat_box.css [36m304[0m 6.920 ms - -[0m
[0mGET /js/home_posts.js [36m304[0m 5.597 ms - -[0m
[0mGET /js/toggle_likes.js [36m304[0m 3.646 ms - -[0m
[0mGET /css/header-6214fb5e0a.css [33m404[0m 7.518 ms - 164[0m
[0mGET /js/chat_engine.js [36m304[0m 0.370 ms - -[0m
[0mGET / [36m304[0m 19.955 ms - -[0m
[0mGET /css/footer.css [36m304[0m 4.918 ms - -[0m
[0mGET /js/home_posts.js [36m304[0m 5.055 ms - -[0m
[0mGET /css/home.css [36m304[0m 5.004 ms - -[0m
[0mGET /css/chat_box.css [36m304[0m 4.989 ms - -[0m
[0mGET /css/layout-ad7fced993.css [33m404[0m 5.460 ms - 164[0m
[0mGET /css/header-6214fb5e0a.css [33m404[0m 10.034 ms - 164[0m
[0mGET /js/chat_engine.js [36m304[0m 2.591 ms - -[0m
[0mGET /js/toggle_likes.js [36m304[0m 1.305 ms - -[0m
[0mGET / [36m304[0m 21.608 ms - -[0m
[0mGET /css/layout-ad7fced993.css [33m404[0m 2.294 ms - 164[0m
[0mGET /css/footer.css [36m304[0m 2.993 ms - -[0m
[0mGET /css/home.css [36m304[0m 3.049 ms - -[0m
[0mGET /css/chat_box.css [36m304[0m 3.011 ms - -[0m
[0mGET /js/home_posts.js [36m304[0m 2.641 ms - -[0m
[0mGET /js/toggle_likes.js [36m304[0m 3.244 ms - -[0m
[0mGET /css/header-6214fb5e0a.css [33m404[0m 6.906 ms - 164[0m
[0mGET /js/chat_engine.js [36m304[0m 1.317 ms - -[0m
[0mGET / [36m304[0m 16.516 ms - -[0m
[0mGET /css/footer.css [36m304[0m 3.983 ms - -[0m
[0mGET /css/home.css [36m304[0m 4.146 ms - -[0m
[0mGET /css/chat_box.css [36m304[0m 4.091 ms - -[0m
[0mGET /js/home_posts.js [36m304[0m 4.570 ms - -[0m
[0mGET /css/layout-ad7fced993.css [33m404[0m 6.664 ms - 164[0m
[0mGET /css/header-6214fb5e0a.css [33m404[0m 9.058 ms - 164[0m
[0mGET /js/chat_engine.js [36m304[0m 1.722 ms - -[0m
[0mGET /js/toggle_likes.js [36m304[0m 0.823 ms - -[0m
[0mGET /css/footer.css [36m304[0m 3.967 ms - -[0m
[0mGET /css/chat_box.css [36m304[0m 5.526 ms - -[0m
[0mGET /css/home.css [32m200[0m 9.079 ms - 233[0m
[0mGET /js/home_posts.js [36m304[0m 2.120 ms - -[0m
[0mGET /js/toggle_likes.js [36m304[0m 2.146 ms - -[0m
[0mGET /js/chat_engine.js [36m304[0m 1.016 ms - -[0m
[0mGET /css/layout-ad7fced993.css [33m404[0m 31.187 ms - 164[0m
[0mGET /css/header-6214fb5e0a.css [33m404[0m 28.345 ms - 164[0m
[0mGET / [32m200[0m 77.642 ms - 5214[0m
[0mGET /css/footer.css [36m304[0m 4.843 ms - -[0m
[0mGET /css/home.css [36m304[0m 5.146 ms - -[0m
[0mGET /css/chat_box.css [36m304[0m 5.626 ms - -[0m
[0mGET /css/header-6214fb5e0a.css [33m404[0m 16.410 ms - 164[0m
[0mGET /css/layout-ad7fced993.css [33m404[0m 21.325 ms - 164[0m
